<?xml version="1.0" encoding="utf-8"?>
<TestRun id="07ad425f-9611-4f63-ae2a-6d291bee97b0" name="@pop-os 2026-06-02 08:21:51" xmlns="http://microsoft.com/schemas/VisualStudio/TeamTest/2010">
  <Times creation="2026-06-02T08:21:51.4967885-04:00" queuing="2026-06-02T08:21:51.4967885-04:00" start="2026-06-02T08:21:51.1512411-04:00" finish="2026-06-02T08:22:05.3978221-04:00" />
  <TestSettings name="default" id="c1dbc9d8-ab8e-45ba-a4a7-b5ed8120f408">
    <Deployment runDeploymentRoot="_pop-os_2026-06-02_08_21_51" />
  </TestSettings>
  <Results>
    <UnitTestResult executionId="5e89ef49-b363-47d8-bbfc-2c5cd9d5aaed" testId="12d744bc-6604-c17d-d02c-a619e4690eb8" testName="TypeWhisper.Linux.Tests.KeyboardDeviceDiscoveryTests.IsExcludedByName_only_excludes_the_ydotool_device(name: &quot;&quot;, excluded: False)" computerName="pop-os" duration="00:00:00.0000010" startTime="2026-06-02T08:21:51.9213594-04:00" endTime="2026-06-02T08:21:51.9213594-04:00" testType="13cdc9d9-ddb5-4fa4-a97d-d965ccfc6d4b" outcome="Passed" testListId="8c84fa94-04c1-424b-9868-57a2d4851a1d" relativeResultsDirectory="5e89ef49-b363-47d8-bbfc-2c5cd9d5aaed" />
    <UnitTestResult executionId="aa13539d-68e7-434f-8bd6-3ba728a889e3" testId="3d190015-493a-51df-8683-c5f1926c0971" testName="TypeWhisper.Linux.Tests.StreamingTranscriptionCoordinatorTests.FinalizeAsync_DrainsChannel_BeforeSessionFinalize" computerName="pop-os" duration="00:00:00.6176735" startTime="2026-06-02T08:22:00.9194209-04:00" endTime="2026-06-02T08:22:00.9194212-04:00" testType="13cdc9d9-ddb5-4fa4-a97d-d965ccfc6d4b" outcome="Passed" testListId="8c84fa94-04c1-424b-9868-57a2d4851a1d" relativeResultsDirectory="aa13539d-68e7-434f-8bd6-3ba728a889e3" />
    <UnitTestResult executionId="97eed9d7-93e7-4852-9bc5-3cd34aea3a83" testId="994cf305-23ed-9d29-f59f-895cb74a235d" testName="TypeWhisper.Linux.Tests.TextInsertionServiceTests.InsertTextAsync_clipboard_paste_strategy_overrides_terminal_direct_typing" computerName="pop-os" duration="00:00:00.0002132" startTime="2026-06-02T08:21:51.9920460-04:00" endTime="2026-06-02T08:21:51.9920460-04:00" testType="13cdc9d9-ddb5-4fa4-a97d-d965ccfc6d4b" outcome="Passed" testListId="8c84fa94-04c1-424b-9868-57a2d4851a1d" relativeResultsDirectory="97eed9d7-93e7-4852-9bc5-3cd34aea3a83" />
    <UnitTestResult executionId="c061811a-c97e-4aff-8d57-bc2b5ad4f15a" testId="1dbc2558-1824-d49b-2eda-b1ec6a994bd9" testName="TypeWhisper.Linux.Tests.LlmCleanupServiceTests.CleanAsync_High_UsesConfiguredLlmPrompt" computerName="pop-os" duration="00:00:00.0114537" startTime="2026-06-02T08:21:51.6711674-04:00" endTime="2026-06-02T08:21:51.6711674-04:00" testType="13cdc9d9-ddb5-4fa4-a97d-d965ccfc6d4b" outcome="Passed" testListId="8c84fa94-04c1-424b-9868-57a2d4851a1d" relativeResultsDirectory="c061811a-c97e-4aff-8d57-bc2b5ad4f15a" />
    <UnitTestResult executionId="803d09cf-3387-47a1-bc33-5dcaada7cdec" testId="fcd31699-c565-abe4-8322-95c55e293c8e" testName="TypeWhisper.Linux.Tests.GnomeWindowCallsProviderTests.UnescapesEmbeddedSingleQuotes" computerName="pop-os" duration="00:00:00.0000165" startTime="2026-06-02T08:21:51.7309458-04:00" endTime="2026-06-02T08:21:51.7309458-04:00" testType="13cdc9d9-ddb5-4fa4-a97d-d965ccfc6d4b" outcome="Passed" testListId="8c84fa94-04c1-424b-9868-57a2d4851a1d" relativeResultsDirectory="803d09cf-3387-47a1-bc33-5dcaada7cdec" />
    <UnitTestResult executionId="09cb0a50-cd8f-4bba-92ef-6439b1c124b3" testId="0acfc8e7-04a9-96ed-11c8-461bafde0358" testName="TypeWhisper.Linux.Tests.ActiveWindowServiceTests.IsSupportedBrowserIdentity_RecognizesBrowserNames(identity: &quot;Microsoft Edge&quot;, expected: True)" computerName="pop-os" duration="00:00:00.0000010" startTime="2026-06-02T08:21:51.7264834-04:00" endTime="2026-06-02T08:21:51.7264835-04:00" testType="13cdc9d9-ddb5-4fa4-a97d-d965ccfc6d4b" outcome="Passed" testListId="8c84fa94-04c1-424b-9868-57a2d4851a1d" relativeResultsDirectory="09cb0a50-cd8f-4bba-92ef-6439b1c124b3" />
    <UnitTestResult executionId="486e5c5c-0814-407c-82d5-a6cb4df200c5" testId="f7750988-1ac8-5903-f923-f75ea589226e" testName="TypeWhisper.Linux.Tests.HttpApiAccelerationDtoTests.BuildAccelerationDto_NoActivePlugin_ReturnsNull" computerName="pop-os" duration="00:00:00.0000339" startTime="2026-06-02T08:21:51.9958780-04:00" endTime="2026-06-02T08:21:51.9958780-04:00" testType="13cdc9d9-ddb5-4fa4-a97d-d965ccfc6d4b" outcome="Passed" testListId="8c84fa94-04c1-424b-9868-57a2d4851a1d" relativeResultsDirectory="486e5c5c-0814-407c-82d5-a6cb4df200c5" />
    <UnitTestResult executionId="8f4d37e1-fabf-402f-a8a3-cc6f1eed07fe" testId="ff319b96-05b3-4fbe-4699-8aecda6eb5e1" testName="TypeWhisper.Linux.Tests.LinuxKeyMapTests.ToSharpHook_MapsCommonChordKeys(linuxCode: 30, expected: VcA)" computerName="pop-os" duration="00:00:00.0000007" startTime="2026-06-02T08:21:51.7206730-04:00" endTime="2026-06-02T08:21:51.7206730-04:00" testType="13cdc9d9-ddb5-4fa4-a97d-d965ccfc6d4b" outcome="Passed" testListId="8c84fa94-04c1-424b-9868-57a2d4851a1d" relativeResultsDirectory="8f4d37e1-fabf-402f-a8a3-cc6f1eed07fe" />
    <UnitTestResult executionId="8b3367c9-26cd-4a1f-bd18-918398fb30b1" testId="ae985d80-99f7-7052-f593-8456e67a98b1" testName="TypeWhisper.Linux.Tests.TextInsertionServiceTests.InsertTextAsync_browser_target_uses_direct_typing(processName: &quot;firefox&quot;, windowTitle: &quot;Example&quot;)" computerName="pop-os" duration="00:00:00.0002467" startTime="2026-06-02T08:21:51.9723111-04:00" endTime="2026-06-02T08:21:51.9723111-04:00" testType="13cdc9d9-ddb5-4fa4-a97d-d965ccfc6d4b" outcome="Passed" testListId="8c84fa94-04c1-424b-9868-57a2d4851a1d" relativeResultsDirectory="8b3367c9-26cd-4a1f-bd18-918398fb30b1" />
    <UnitTestResult executionId="f245aba2-3f1f-4c9d-aa45-4110f92af553" testId="b38bbaf4-3a7b-e6be-c621-0037aea345ec" testName="TypeWhisper.Linux.Tests.Services.DictationInsertionTextFormatterTests.TextForInsertion_AppendsTrailingSpace_WhenTextEndsWithPunctuation" computerName="pop-os" duration="00:00:00.0000206" startTime="2026-06-02T08:21:51.7340569-04:00" endTime="2026-06-02T08:21:51.7340569-04:00" testType="13cdc9d9-ddb5-4fa4-a97d-d965ccfc6d4b" outcome="Passed" testListId="8c84fa94-04c1-424b-9868-57a2d4851a1d" relativeResultsDirectory="f245aba2-3f1f-4c9d-aa45-4110f92af553" />
    <UnitTestResult executionId="f6e3f0a9-b1fd-4b46-9423-ac7051b931f1" testId="6f6f7f7c-738d-7dff-8f0f-1b28848da456" testName="TypeWhisper.Linux.Tests.CommandLineParserTests.Help_flag_short_circuits(flag: &quot;--help&quot;)" computerName="pop-os" duration="00:00:00.0000575" startTime="2026-06-02T08:21:51.4692490-04:00" endTime="2026-06-02T08:21:51.4692491-04:00" testType="13cdc9d9-ddb5-4fa4-a97d-d965ccfc6d4b" outcome="Passed" testListId="8c84fa94-04c1-424b-9868-57a2d4851a1d" relativeResultsDirectory="f6e3f0a9-b1fd-4b46-9423-ac7051b931f1" />
    <UnitTestResult executionId="a81ee6a4-0769-41c3-bb9e-a8ae654ff060" testId="5f03bd94-349d-db19-062e-66c41426b7b5" testName="TypeWhisper.Linux.Tests.LinuxDictationReadbackLanguagePolicyTests.Resolve_FallsBackToConfiguredLanguage_WhenNoDetectedLanguage" computerName="pop-os" duration="00:00:00.0000282" startTime="2026-06-02T08:21:51.6020607-04:00" endTime="2026-06-02T08:21:51.6020607-04:00" testType="13cdc9d9-ddb5-4fa4-a97d-d965ccfc6d4b" outcome="Passed" testListId="8c84fa94-04c1-424b-9868-57a2d4851a1d" relativeResultsDirectory="a81ee6a4-0769-41c3-bb9e-a8ae654ff060" />
    <UnitTestResult executionId="302c6f71-c9ee-4437-b045-92f14853ea5e" testId="469395b4-4741-c333-c84d-67f225fcbdf8" testName="TypeWhisper.Linux.Tests.PluginCollectionSettingsViewModelTests.SaveSettings_FailureResultSurfacesInRowStatus" computerName="pop-os" duration="00:00:00.0007426" startTime="2026-06-02T08:21:51.7158437-04:00" endTime="2026-06-02T08:21:51.7158438-04:00" testType="13cdc9d9-ddb5-4fa4-a97d-d965ccfc6d4b" outcome="Passed" testListId="8c84fa94-04c1-424b-9868-57a2d4851a1d" relativeResultsDirectory="302c6f71-c9ee-4437-b045-92f14853ea5e" />
    <UnitTestResult executionId="7250abc7-2c36-4429-9a47-b8bb8cd561db" testId="17314a01-6f82-1ad0-a9d5-fff88ed3e18e" testName="TypeWhisper.Linux.Tests.YdotoolSetupHelperTests.UserUnitFilePath_falls_back_to_dot_config_when_XDG_unset" computerName="pop-os" duration="00:00:00.0000922" startTime="2026-06-02T08:22:04.2745081-04:00" endTime="2026-06-02T08:22:04.2745082-04:00" testType="13cdc9d9-ddb5-4fa4-a97d-d965ccfc6d4b" outcome="Passed" testListId="8c84fa94-04c1-424b-9868-57a2d4851a1d" relativeResultsDirectory="7250abc7-2c36-4429-9a47-b8bb8cd561db" />
    <UnitTestResult executionId="e104ce9a-5d85-40ed-8017-2512d820dd63" testId="8363820f-1542-7eec-ab06-40dad4100664" testName="TypeWhisper.Linux.Tests.GnomeShortcutWriterTests.ParseGSettingsList_HandlesEscapedSingleQuote" computerName="pop-os" duration="00:00:00.0000277" startTime="2026-06-02T08:21:52.0305882-04:00" endTime="2026-06-02T08:21:52.0305883-04:00" testType="13cdc9d9-ddb5-4fa4-a97d-d965ccfc6d4b" outcome="Passed" testListId="8c84fa94-04c1-424b-9868-57a2d4851a1d" relativeResultsDirectory="e104ce9a-5d85-40ed-8017-2512d820dd63" />
    <UnitTestResult executionId="7c5c53d6-3298-4fa8-be94-2fe8b534f38e" testId="637eff09-fca2-9f88-2c61-217c23cb251e" testName="TypeWhisper.Linux.Tests.ShortcutsSectionViewModelTests.ActiveBackendId_DefaultsToNotInitialized" computerName="pop-os" duration="00:00:00.0002068" startTime="2026-06-02T08:21:52.0280658-04:00" endTime="2026-06-02T08:21:52.0280658-04:00" testType="13cdc9d9-ddb5-4fa4-a97d-d965ccfc6d4b" outcome="Passed" testListId="8c84fa94-04c1-424b-9868-57a2d4851a1d" relativeResultsDirectory="7c5c53d6-3298-4fa8-be94-2fe8b534f38e" />
    <UnitTestResult executionId="b1b85647-6a07-41f3-b661-97d4d7ce5aaf" testId="002416b2-fa5f-864d-6a84-25cb81e8a15e" testName="TypeWhisper.Linux.Tests.AudioRecordingServiceTests.LiveFrameSink_ThrowingSubscriber_DoesNotKillCapture" computerName="pop-os" duration="00:00:00.0024872" startTime="2026-06-02T08:21:52.0043224-04:00" endTime="2026-06-02T08:21:52.0043226-04:00" testType="13cdc9d9-ddb5-4fa4-a97d-d965ccfc6d4b" outcome="Passed" testListId="8c84fa94-04c1-424b-9868-57a2d4851a1d" relativeResultsDirectory="b1b85647-6a07-41f3-b661-97d4d7ce5aaf" />
    <UnitTestResult executionId="c97d9bcd-0be4-496c-a3c8-81d19769d5cd" testId="aed9c96d-cbc6-c5d5-985e-c73650702ce7" testName="TypeWhisper.Linux.Tests.PromptProcessingServiceTests.ProcessAsync_UsesDefaultProvider_WhenNoOverrideIsSet" computerName="pop-os" duration="00:00:00.0004927" startTime="2026-06-02T08:22:04.2771893-04:00" endTime="2026-06-02T08:22:04.2771894-04:00" testType="13cdc9d9-ddb5-4fa4-a97d-d965ccfc6d4b" outcome="Passed" testListId="8c84fa94-04c1-424b-9868-57a2d4851a1d" relativeResultsDirectory="c97d9bcd-0be4-496c-a3c8-81d19769d5cd" />
    <UnitTestResult executionId="18f6996f-c833-4b0a-9b74-d41cbdf411dc" testId="f56bd33f-2eb4-b22a-ae4b-0169cd32aaef" testName="TypeWhisper.Linux.Tests.DesktopWriterFormattingTests.Hyprland_ConvertsCtrlShiftSpace_ToCanonicalForm" computerName="pop-os" duration="00:00:00.0000654" startTime="2026-06-02T08:22:04.2610673-04:00" endTime="2026-06-02T08:22:04.2610673-04:00" testType="13cdc9d9-ddb5-4fa4-a97d-d965ccfc6d4b" outcome="Passed" testListId="8c84fa94-04c1-424b-9868-57a2d4851a1d" relativeResultsDirectory="18f6996f-c833-4b0a-9b74-d41cbdf411dc" />
    <UnitTestResult executionId="a28cd22f-e74c-4802-89de-e9285440d406" testId="1192489a-fb38-c73b-b9aa-d61157e8cadc" testName="TypeWhisper.Linux.Tests.SpeechFeedbackServiceTests.SpeakAutomaticTranscription_substitutes_configured_language_when_request_has_none" computerName="pop-os" duration="00:00:00.0006095" startTime="2026-06-02T08:21:51.6797658-04:00" endTime="2026-06-02T08:21:51.6797659-04:00" testType="13cdc9d9-ddb5-4fa4-a97d-d965ccfc6d4b" outcome="Passed" testListId="8c84fa94-04c1-424b-9868-57a2d4851a1d" relativeResultsDirectory="a28cd22f-e74c-4802-89de-e9285440d406" />
    <UnitTestResult executionId="bf05498c-675f-4a42-b6bf-126c1be9a427" testId="63ae45ab-b683-6614-d992-cb5986ff887a" testName="TypeWhisper.Linux.Tests.LlmCleanupServiceTests.CleanAsync_Medium_UsesConfiguredLlmPrompt" computerName="pop-os" duration="00:00:00.0004198" startTime="2026-06-02T08:21:51.6743124-04:00" endTime="2026-06-02T08:21:51.6743125-04:00" testType="13cdc9d9-ddb5-4fa4-a97d-d965ccfc6d4b" outcome="Passed" testListId="8c84fa94-04c1-424b-9868-57a2d4851a1d" relativeResultsDirectory="bf05498c-675f-4a42-b6bf-126c1be9a427" />
    <UnitTestResult executionId="52206bf3-f855-4cd2-9fe9-3590b5f99371" testId="5d67aa27-9c9f-ffc0-d556-45489ff3893c" testName="TypeWhisper.Linux.Tests.HotkeyServiceTests.PushShortcuts_AppliesUpdatesInOrder" computerName="pop-os" duration="00:00:00.0256902" startTime="2026-06-02T08:22:04.9156133-04:00" endTime="2026-06-02T08:22:04.9156133-04:00" testType="13cdc9d9-ddb5-4fa4-a97d-d965ccfc6d4b" outcome="Passed" testListId="8c84fa94-04c1-424b-9868-57a2d4851a1d" relativeResultsDirectory="52206bf3-f855-4cd2-9fe9-3590b5f99371" />
    <UnitTestResult executionId="082173f8-ebab-4845-96c2-f6233556a432" testId="40c178e3-cc9a-ada8-0895-e79f6dc55691" testName="TypeWhisper.Linux.Tests.LinuxKeyMapTests.ToSharpHook_MapsCommonChordKeys(linuxCode: 1, expected: VcEscape)" computerName="pop-os" duration="00:00:00.0000008" startTime="2026-06-02T08:21:51.7206476-04:00" endTime="2026-06-02T08:21:51.7206477-04:00" testType="13cdc9d9-ddb5-4fa4-a97d-d965ccfc6d4b" outcome="Passed" testListId="8c84fa94-04c1-424b-9868-57a2d4851a1d" relativeResultsDirectory="082173f8-ebab-4845-96c2-f6233556a432" />
    <UnitTestResult executionId="48b3c7ac-37df-475c-a6f9-7ecdda35a921" testId="076fb546-be30-b74f-f941-5696ac511c1b" testName="TypeWhisper.Linux.Tests.Services.DictationInsertionTextFormatterTests.TextForInsertion_AppendsTrailingSpace_WhenTextEndsWithWord" computerName="pop-os" duration="00:00:00.0000110" startTime="2026-06-02T08:21:51.7340685-04:00" endTime="2026-06-02T08:21:51.7340685-04:00" testType="13cdc9d9-ddb5-4fa4-a97d-d965ccfc6d4b" outcome="Passed" testListId="8c84fa94-04c1-424b-9868-57a2d4851a1d" relativeResultsDirectory="48b3c7ac-37df-475c-a6f9-7ecdda35a921" />
    <UnitTestResult executionId="7e0694ba-00ca-479a-b2f6-3646f425608d" testId="35b47824-ed3a-5567-6476-3276d26973d6" testName="TypeWhisper.Linux.Tests.PromptsSectionViewModelTests.SaveAction_PersistsProviderOverrideAndTargetAction" computerName="pop-os" duration="00:00:00.0006257" startTime="2026-06-02T08:21:51.9355743-04:00" endTime="2026-06-02T08:21:51.9355744-04:00" testType="13cdc9d9-ddb5-4fa4-a97d-d965ccfc6d4b" outcome="Passed" testListId="8c84fa94-04c1-424b-9868-57a2d4851a1d" relativeResultsDirectory="7e0694ba-00ca-479a-b2f6-3646f425608d" />
    <UnitTestResult executionId="b0936d25-6c00-40f2-94d2-de77a532e728" testId="9853b6e6-5896-5ebf-67c6-0a8b18e289b8" testName="TypeWhisper.Linux.Tests.Services.DictationInsertionTextFormatterTests.TextForInsertion_ReturnsInput_WhenNullOrEmpty(text: &quot;&quot;)" computerName="pop-os" duration="00:00:00.0000810" startTime="2026-06-02T08:21:51.7337136-04:00" endTime="2026-06-02T08:21:51.7337136-04:00" testType="13cdc9d9-ddb5-4fa4-a97d-d965ccfc6d4b" outcome="Passed" testListId="8c84fa94-04c1-424b-9868-57a2d4851a1d" relativeResultsDirectory="b0936d25-6c00-40f2-94d2-de77a532e728" />
    <UnitTestResult executionId="d4877dbe-6bc3-49f1-b37a-4b3e9aaa9112" testId="a3d32a9b-e65b-e4be-cc32-0a3fcd76e300" testName="TypeWhisper.Linux.Tests.YdotoolSetupHelperTests.BuildUserUnitContent_round_trips_through_ownership_check" computerName="pop-os" duration="00:00:00.0001393" startTime="2026-06-02T08:22:04.2742810-04:00" endTime="2026-06-02T08:22:04.2742810-04:00" testType="13cdc9d9-ddb5-4fa4-a97d-d965ccfc6d4b" outcome="Passed" testListId="8c84fa94-04c1-424b-9868-57a2d4851a1d" relativeResultsDirectory="d4877dbe-6bc3-49f1-b37a-4b3e9aaa9112" />
    <UnitTestResult executionId="a22d11e2-fb40-42e0-a877-cdc3e1e23948" testId="d31d10ae-1e19-7cca-bac8-444c375474de" testName="TypeWhisper.Linux.Tests.ProfilesSectionViewModelTests.Constructor_SeedsGlobalDefaultModelOption" computerName="pop-os" duration="00:00:00.0004846" startTime="2026-06-02T08:21:51.5742274-04:00" endTime="2026-06-02T08:21:51.5742274-04:00" testType="13cdc9d9-ddb5-4fa4-a97d-d965ccfc6d4b" outcome="Passed" testListId="8c84fa94-04c1-424b-9868-57a2d4851a1d" relativeResultsDirectory="a22d11e2-fb40-42e0-a877-cdc3e1e23948" />
    <UnitTestResult executionId="a49fd6ff-3da4-4060-b78a-d4e74ee79f9f" testId="afa342f9-a141-08c5-4940-e9a66728020f" testName="TypeWhisper.Linux.Tests.SentinelBlockTests.Scan_MissingCloseSentinel_ReportsMismatch" computerName="pop-os" duration="00:00:00.0000215" startTime="2026-06-02T08:21:51.7512144-04:00" endTime="2026-06-02T08:21:51.7512144-04:00" testType="13cdc9d9-ddb5-4fa4-a97d-d965ccfc6d4b" outcome="Passed" testListId="8c84fa94-04c1-424b-9868-57a2d4851a1d" relativeResultsDirectory="a49fd6ff-3da4-4060-b78a-d4e74ee79f9f" />
    <UnitTestResult executionId="16afbb76-1c48-4662-9a59-7575487384c0" testId="77fc721c-da01-b399-25d1-91fcf5fd2be1" testName="TypeWhisper.Linux.Tests.LinuxKeyMapTests.ToModifier_NonModifier_ReturnsNone" computerName="pop-os" duration="00:00:00.0000249" startTime="2026-06-02T08:21:51.7224576-04:00" endTime="2026-06-02T08:21:51.7224577-04:00" testType="13cdc9d9-ddb5-4fa4-a97d-d965ccfc6d4b" outcome="Passed" testListId="8c84fa94-04c1-424b-9868-57a2d4851a1d" relativeResultsDirectory="16afbb76-1c48-4662-9a59-7575487384c0" />
    <UnitTestResult executionId="c524b679-100c-45a3-8c75-38c91f9d9cd2" testId="c15bc524-c3b2-63b7-606c-f698c599de78" testName="TypeWhisper.Linux.Tests.LinuxDictationReadbackLanguagePolicyTests.Resolve_ReturnsNull_WhenSameLanguageTranslationFollowsPromptAction" computerName="pop-os" duration="00:00:00.0000204" startTime="2026-06-02T08:21:51.6020924-04:00" endTime="2026-06-02T08:21:51.6020924-04:00" testType="13cdc9d9-ddb5-4fa4-a97d-d965ccfc6d4b" outcome="Passed" testListId="8c84fa94-04c1-424b-9868-57a2d4851a1d" relativeResultsDirectory="c524b679-100c-45a3-8c75-38c91f9d9cd2" />
    <UnitTestResult executionId="65514ce3-c5dd-4baa-ba22-9f4fc4727bf1" testId="5f374890-acdd-182f-0b35-1f2f74a30f09" testName="TypeWhisper.Linux.Tests.AppearanceSectionViewModelTests.ResetOverlayPositionCommand_ClearsBothFields" computerName="pop-os" duration="00:00:00.0039872" startTime="2026-06-02T08:21:51.5153987-04:00" endTime="2026-06-02T08:21:51.5153988-04:00" testType="13cdc9d9-ddb5-4fa4-a97d-d965ccfc6d4b" outcome="Passed" testListId="8c84fa94-04c1-424b-9868-57a2d4851a1d" relativeResultsDirectory="65514ce3-c5dd-4baa-ba22-9f4fc4727bf1" />
    <UnitTestResult executionId="ae78fa2a-1c42-4411-b13d-86a56edcb0c2" testId="977882c0-8a13-d7ec-718a-53b11e30f39c" testName="TypeWhisper.Linux.Tests.ActiveWindowServiceTests.ScoreBrowserUrlCandidate_PrefersFocusedEditBarOverGenericEntry" computerName="pop-os" duration="00:00:00.0005262" startTime="2026-06-02T08:21:51.7271522-04:00" endTime="2026-06-02T08:21:51.7271523-04:00" testType="13cdc9d9-ddb5-4fa4-a97d-d965ccfc6d4b" outcome="Passed" testListId="8c84fa94-04c1-424b-9868-57a2d4851a1d" relativeResultsDirectory="ae78fa2a-1c42-4411-b13d-86a56edcb0c2" />
    <UnitTestResult executionId="162130ae-8544-4fa0-953d-c8c4505cfe00" testId="d35164fd-dcfb-d4dc-75ee-90bc0a772e8a" testName="TypeWhisper.Linux.Tests.AppearanceSectionViewModelTests.IsOverlayPositionCustomized_RequiresBothFields(left: null, top: 80, expected: False)" computerName="pop-os" duration="00:00:00.0003705" startTime="2026-06-02T08:21:51.5111721-04:00" endTime="2026-06-02T08:21:51.5111721-04:00" testType="13cdc9d9-ddb5-4fa4-a97d-d965ccfc6d4b" outcome="Passed" testListId="8c84fa94-04c1-424b-9868-57a2d4851a1d" relativeResultsDirectory="162130ae-8544-4fa0-953d-c8c4505cfe00" />
    <UnitTestResult executionId="be9c554c-a449-42e9-95a2-774e738e49fd" testId="f7289ff1-c0b8-c8cb-9703-db98b0274888" testName="TypeWhisper.Linux.Tests.PluginCollectionSettingsViewModelTests.FieldRow_BoolValueSync_BoolToValue" computerName="pop-os" duration="00:00:00.0001329" startTime="2026-06-02T08:21:51.7068558-04:00" endTime="2026-06-02T08:21:51.7068559-04:00" testType="13cdc9d9-ddb5-4fa4-a97d-d965ccfc6d4b" outcome="Passed" testListId="8c84fa94-04c1-424b-9868-57a2d4851a1d" relativeResultsDirectory="be9c554c-a449-42e9-95a2-774e738e49fd" />
    <UnitTestResult executionId="71435669-0793-437b-b438-3786a928035e" testId="08c85489-1b96-9b07-2ad5-bb8754b40e89" testName="TypeWhisper.Linux.Tests.HttpApiLocalFileDtoTests.UnsupportedExtension_RecognizedByAudioFileService" computerName="pop-os" duration="00:00:00.0001341" startTime="2026-06-02T08:21:51.5820838-04:00" endTime="2026-06-02T08:21:51.5820839-04:00" testType="13cdc9d9-ddb5-4fa4-a97d-d965ccfc6d4b" outcome="Passed" testListId="8c84fa94-04c1-424b-9868-57a2d4851a1d" relativeResultsDirectory="71435669-0793-437b-b438-3786a928035e" />
    <UnitTestResult executionId="198ff3c9-4879-41f7-8c1f-ae9256e762e3" testId="dea9832b-6966-230b-2c5a-d3ab6de07136" testName="TypeWhisper.Linux.Tests.ActiveWindowServiceTests.SanitizeCapturedBrowserUrl_NormalizesLikelyUrls(value: &quot;not a url&quot;, expected: null)" computerName="pop-os" duration="00:00:00.0000887" startTime="2026-06-02T08:21:51.7276890-04:00" endTime="2026-06-02T08:21:51.7276891-04:00" testType="13cdc9d9-ddb5-4fa4-a97d-d965ccfc6d4b" outcome="Passed" testListId="8c84fa94-04c1-424b-9868-57a2d4851a1d" relativeResultsDirectory="198ff3c9-4879-41f7-8c1f-ae9256e762e3" />
    <UnitTestResult executionId="6f7f1aaa-cf38-4d19-8c77-6896ea760848" testId="c9c914ea-69a0-8f75-3272-a36b2c924e5e" testName="TypeWhisper.Linux.Tests.CommandLineParserTests.Trailing_flag_after_record_is_tolerated" computerName="pop-os" duration="00:00:00.0000346" startTime="2026-06-02T08:21:51.4821914-04:00" endTime="2026-06-02T08:21:51.4821914-04:00" testType="13cdc9d9-ddb5-4fa4-a97d-d965ccfc6d4b" outcome="Passed" testListId="8c84fa94-04c1-424b-9868-57a2d4851a1d" relativeResultsDirectory="6f7f1aaa-cf38-4d19-8c77-6896ea760848" />
    <UnitTestResult executionId="2328d05c-1a9a-4ea9-bde9-e6ca3adb23f5" testId="022d3e3a-3337-5c19-4cc3-a520c90f8bca" testName="TypeWhisper.Linux.Tests.GnomeWindowCallsProviderTests.UnescapesBackslashPairs" computerName="pop-os" duration="00:00:00.0000113" startTime="2026-06-02T08:21:51.7309592-04:00" endTime="2026-06-02T08:21:51.7309592-04:00" testType="13cdc9d9-ddb5-4fa4-a97d-d965ccfc6d4b" outcome="Passed" testListId="8c84fa94-04c1-424b-9868-57a2d4851a1d" relativeResultsDirectory="2328d05c-1a9a-4ea9-bde9-e6ca3adb23f5" />
    <UnitTestResult executionId="7542398c-2fbb-4b37-b0b9-1af781690070" testId="6232cb8f-da78-0407-9e44-586947763e09" testName="TypeWhisper.Linux.Tests.LinuxDictationFinalTextPolicyTests.SelectRawText_RemovesUnicodeEllipsisBetweenWords" computerName="pop-os" duration="00:00:00.0000441" startTime="2026-06-02T08:21:51.5808869-04:00" endTime="2026-06-02T08:21:51.5808869-04:00" testType="13cdc9d9-ddb5-4fa4-a97d-d965ccfc6d4b" outcome="Passed" testListId="8c84fa94-04c1-424b-9868-57a2d4851a1d" relativeResultsDirectory="7542398c-2fbb-4b37-b0b9-1af781690070" />
    <UnitTestResult executionId="66350b32-c7d7-49fb-90bf-66ea067ae1d1" testId="9622983b-af20-5c5f-defb-67f7e2f4dc8c" testName="TypeWhisper.Linux.Tests.ShortcutsSectionViewModelTests.ShowCapabilityMismatch_FalseInDefaultState" computerName="pop-os" duration="00:00:00.0002054" startTime="2026-06-02T08:21:52.0278238-04:00" endTime="2026-06-02T08:21:52.0278238-04:00" testType="13cdc9d9-ddb5-4fa4-a97d-d965ccfc6d4b" outcome="Passed" testListId="8c84fa94-04c1-424b-9868-57a2d4851a1d" relativeResultsDirectory="66350b32-c7d7-49fb-90bf-66ea067ae1d1" />
    <UnitTestResult executionId="b89ae3b6-c11b-4c5a-baf4-4d30d8114b1b" testId="061caf51-b4cd-ffdc-0b68-b7830b4a54af" testName="TypeWhisper.Linux.Tests.SuppressGlxRenderExceptionLogSinkTests.Log_HarmlessGlxDisposeException_IsDropped" computerName="pop-os" duration="00:00:00.0001065" startTime="2026-06-02T08:21:51.7333238-04:00" endTime="2026-06-02T08:21:51.7333238-04:00" testType="13cdc9d9-ddb5-4fa4-a97d-d965ccfc6d4b" outcome="Passed" testListId="8c84fa94-04c1-424b-9868-57a2d4851a1d" relativeResultsDirectory="b89ae3b6-c11b-4c5a-baf4-4d30d8114b1b" />
    <UnitTestResult executionId="76575426-0a00-45db-a80e-e545eeb9ce8e" testId="a6bf6721-50c0-a443-3ff0-5652102f0b34" testName="TypeWhisper.Linux.Tests.LinuxDictationReadbackLanguagePolicyTests.Resolve_UsesTranslationTarget_WhenTranslationRunsAfterAnArbitraryTransform" computerName="pop-os" duration="00:00:00.0000306" startTime="2026-06-02T08:21:51.6018447-04:00" endTime="2026-06-02T08:21:51.6018447-04:00" testType="13cdc9d9-ddb5-4fa4-a97d-d965ccfc6d4b" outcome="Passed" testListId="8c84fa94-04c1-424b-9868-57a2d4851a1d" relativeResultsDirectory="76575426-0a00-45db-a80e-e545eeb9ce8e" />
    <UnitTestResult executionId="fb7e2959-9edd-4080-92af-af34b91cc6a9" testId="f021017b-ce9f-8715-5643-cbd51e63c1d5" testName="TypeWhisper.Linux.Tests.LinuxKeyMapTests.ToSharpHook_MapsCommonChordKeys(linuxCode: 59, expected: VcF1)" computerName="pop-os" duration="00:00:00.0000007" startTime="2026-06-02T08:21:51.7207287-04:00" endTime="2026-06-02T08:21:51.7207288-04:00" testType="13cdc9d9-ddb5-4fa4-a97d-d965ccfc6d4b" outcome="Passed" testListId="8c84fa94-04c1-424b-9868-57a2d4851a1d" relativeResultsDirectory="fb7e2959-9edd-4080-92af-af34b91cc6a9" />
    <UnitTestResult executionId="19de8528-b0f1-475e-b238-f08e96ed9e80" testId="96b3095b-7f01-874f-234c-11f250155a6d" testName="TypeWhisper.Linux.Tests.PluginRegistryServiceTests.FetchRegistryAsync_DeserializesAndFiltersLinuxCompatiblePlugins" computerName="pop-os" duration="00:00:00.0211498" startTime="2026-06-02T08:21:51.9578920-04:00" endTime="2026-06-02T08:21:51.9578920-04:00" testType="13cdc9d9-ddb5-4fa4-a97d-d965ccfc6d4b" outcome="Passed" testListId="8c84fa94-04c1-424b-9868-57a2d4851a1d" relativeResultsDirectory="19de8528-b0f1-475e-b238-f08e96ed9e80" />
    <UnitTestResult executionId="c36063e6-db85-4cd4-bd84-72fbb16f8660" testId="43750734-3f10-454a-c916-099e61bce6c8" testName="TypeWhisper.Linux.Tests.DictationOrchestratorPreviewFallbackTests.Returns_RecoveredPreview_WhenBatchIsEmpty" computerName="pop-os" duration="00:00:00.0000167" startTime="2026-06-02T08:21:51.9179095-04:00" endTime="2026-06-02T08:21:51.9179095-04:00" testType="13cdc9d9-ddb5-4fa4-a97d-d965ccfc6d4b" outcome="Passed" testListId="8c84fa94-04c1-424b-9868-57a2d4851a1d" relativeResultsDirectory="c36063e6-db85-4cd4-bd84-72fbb16f8660" />
    <UnitTestResult executionId="8c4caffa-a555-4fa3-976c-9df4a0410823" testId="f7189b79-9975-bf96-8d0c-ce2c56e883d7" testName="TypeWhisper.Linux.Tests.ShortcutMatcherTests.Match_DefaultBinding_IdentifiesDictation" computerName="pop-os" duration="00:00:00.0017169" startTime="2026-06-02T08:21:51.9197514-04:00" endTime="2026-06-02T08:21:51.9197515-04:00" testType="13cdc9d9-ddb5-4fa4-a97d-d965ccfc6d4b" outcome="Passed" testListId="8c84fa94-04c1-424b-9868-57a2d4851a1d" relativeResultsDirectory="8c4caffa-a555-4fa3-976c-9df4a0410823" />
    <UnitTestResult executionId="215a12cb-5c3d-4517-89b2-fdc6e815ccb3" testId="83582b05-f1b0-8374-bf08-5f15856f3444" testName="TypeWhisper.Linux.Tests.ActiveWindowServiceTests.IsSupportedBrowserIdentity_RecognizesBrowserNames(identity: &quot;firefox&quot;, expected: True)" computerName="pop-os" duration="00:00:00.0000014" startTime="2026-06-02T08:21:51.7264586-04:00" endTime="2026-06-02T08:21:51.7264587-04:00" testType="13cdc9d9-ddb5-4fa4-a97d-d965ccfc6d4b" outcome="Passed" testListId="8c84fa94-04c1-424b-9868-57a2d4851a1d" relativeResultsDirectory="215a12cb-5c3d-4517-89b2-fdc6e815ccb3" />
    <UnitTestResult executionId="58813b5e-8984-40d8-b4e2-07484048911f" testId="36d96398-a1b6-98d1-6218-2d7c88a7ae90" testName="TypeWhisper.Linux.Tests.PromptsSectionViewModelTests.SelectedEditProvider_UpdatesProviderOverride" computerName="pop-os" duration="00:00:00.0009491" startTime="2026-06-02T08:21:51.9366273-04:00" endTime="2026-06-02T08:21:51.9366273-04:00" testType="13cdc9d9-ddb5-4fa4-a97d-d965ccfc6d4b" outcome="Passed" testListId="8c84fa94-04c1-424b-9868-57a2d4851a1d" relativeResultsDirectory="58813b5e-8984-40d8-b4e2-07484048911f" />
    <UnitTestResult executionId="c42ee724-23b8-426d-8556-692cdc718233" testId="0b200249-6d88-70d7-e71a-ab227cf90a00" testName="TypeWhisper.Linux.Tests.RecentTranscriptionStoreTests.PaletteViewModel_filters_text_and_subtitle" computerName="pop-os" duration="00:00:00.0012788" startTime="2026-06-02T08:21:51.6067453-04:00" endTime="2026-06-02T08:21:51.6067454-04:00" testType="13cdc9d9-ddb5-4fa4-a97d-d965ccfc6d4b" outcome="Passed" testListId="8c84fa94-04c1-424b-9868-57a2d4851a1d" relativeResultsDirectory="c42ee724-23b8-426d-8556-692cdc718233" />
    <UnitTestResult executionId="ae5752f9-bd59-47a8-837f-499a197d56dc" testId="42e4a8bb-29c8-ca6f-0485-7cca5dc9485f" testName="TypeWhisper.Linux.Tests.HotkeyServiceTests.ModifiersMatch_TreatsRightCtrlAsEquivalentToLeftCtrl" computerName="pop-os" duration="00:00:00.0003456" startTime="2026-06-02T08:22:04.9855918-04:00" endTime="2026-06-02T08:22:04.9855920-04:00" testType="13cdc9d9-ddb5-4fa4-a97d-d965ccfc6d4b" outcome="Passed" testListId="8c84fa94-04c1-424b-9868-57a2d4851a1d" relativeResultsDirectory="ae5752f9-bd59-47a8-837f-499a197d56dc" />
    <UnitTestResult executionId="627dadb7-ac84-4236-8703-fd3277eb12be" testId="4afa1ebf-f9ed-2b03-8438-28241740dc4d" testName="TypeWhisper.Linux.Tests.AudioRecordingServiceTests.ApplyWhisperModeGain_BoostsQuietAudio" computerName="pop-os" duration="00:00:00.0000869" startTime="2026-06-02T08:21:52.0052978-04:00" endTime="2026-06-02T08:21:52.0052978-04:00" testType="13cdc9d9-ddb5-4fa4-a97d-d965ccfc6d4b" outcome="Passed" testListId="8c84fa94-04c1-424b-9868-57a2d4851a1d" relativeResultsDirectory="627dadb7-ac84-4236-8703-fd3277eb12be" />
    <UnitTestResult executionId="87614627-8223-4efc-87e3-a500db396a67" testId="de7ff8bb-cb50-3e60-74f4-9f8135b0cbaa" testName="TypeWhisper.Linux.Tests.PluginCollectionSettingsViewModelTests.ItemRow_HeaderText_UpdatesWhenLabelFieldChanges" computerName="pop-os" duration="00:00:00.0002104" startTime="2026-06-02T08:21:51.7185312-04:00" endTime="2026-06-02T08:21:51.7185312-04:00" testType="13cdc9d9-ddb5-4fa4-a97d-d965ccfc6d4b" outcome="Passed" testListId="8c84fa94-04c1-424b-9868-57a2d4851a1d" relativeResultsDirectory="87614627-8223-4efc-87e3-a500db396a67" />
    <UnitTestResult executionId="29fa94db-375e-4feb-97cc-b88c77696bd0" testId="0ff4da0f-211a-96e1-aa48-32bb5ab8f324" testName="TypeWhisper.Linux.Tests.LinuxDictationReadbackLanguagePolicyTests.Resolve_UsesTranslationTarget_WhenAPluginRunsAfterItButChangesNothing" computerName="pop-os" duration="00:00:00.0000191" startTime="2026-06-02T08:21:51.6020277-04:00" endTime="2026-06-02T08:21:51.6020278-04:00" testType="13cdc9d9-ddb5-4fa4-a97d-d965ccfc6d4b" outcome="Passed" testListId="8c84fa94-04c1-424b-9868-57a2d4851a1d" relativeResultsDirectory="29fa94db-375e-4feb-97cc-b88c77696bd0" />
    <UnitTestResult executionId="802bd5cf-4223-4966-a07b-4bf68f26762a" testId="7e345be3-1046-ca65-1b15-10be0fba3cbb" testName="TypeWhisper.Linux.Tests.YdotoolSetupHelperTests.BuildUserUnitContent_first_line_carries_ownership_marker" computerName="pop-os" duration="00:00:00.0001310" startTime="2026-06-02T08:22:04.2710876-04:00" endTime="2026-06-02T08:22:04.2710876-04:00" testType="13cdc9d9-ddb5-4fa4-a97d-d965ccfc6d4b" outcome="Passed" testListId="8c84fa94-04c1-424b-9868-57a2d4851a1d" relativeResultsDirectory="802bd5cf-4223-4966-a07b-4bf68f26762a" />
    <UnitTestResult executionId="51e51522-f0b4-4170-a547-a33a8bc7d3f4" testId="28e36610-e34b-03e9-44b2-814e845a9445" testName="TypeWhisper.Linux.Tests.PluginCollectionSettingsViewModelTests.ItemRow_HeaderText_BlankLabel_ShowsUnnamed" computerName="pop-os" duration="00:00:00.0001501" startTime="2026-06-02T08:21:51.7150713-04:00" endTime="2026-06-02T08:21:51.7150713-04:00" testType="13cdc9d9-ddb5-4fa4-a97d-d965ccfc6d4b" outcome="Passed" testListId="8c84fa94-04c1-424b-9868-57a2d4851a1d" relativeResultsDirectory="51e51522-f0b4-4170-a547-a33a8bc7d3f4" />
    <UnitTestResult executionId="542f684c-add1-4bf0-9806-5c27e9a4fe8e" testId="2e61499e-b0da-b27a-0e38-26168ccdda35" testName="TypeWhisper.Linux.Tests.SpeechFeedbackServiceTests.SpeakAutomaticTranscription_keeps_explicit_request_language" computerName="pop-os" duration="00:00:00.0006548" startTime="2026-06-02T08:21:51.6784566-04:00" endTime="2026-06-02T08:21:51.6784567-04:00" testType="13cdc9d9-ddb5-4fa4-a97d-d965ccfc6d4b" outcome="Passed" testListId="8c84fa94-04c1-424b-9868-57a2d4851a1d" relativeResultsDirectory="542f684c-add1-4bf0-9806-5c27e9a4fe8e" />
    <UnitTestResult executionId="60ab080c-da14-4ef2-bbeb-a1bf7dc39ce0" testId="9b5ce1db-b321-8849-c4b0-53e31331f94a" testName="TypeWhisper.Linux.Tests.SentinelBlockTests.Scan_EmptyFile_ReportsNoBlock" computerName="pop-os" duration="00:00:00.0000324" startTime="2026-06-02T08:21:51.7515024-04:00" endTime="2026-06-02T08:21:51.7515024-04:00" testType="13cdc9d9-ddb5-4fa4-a97d-d965ccfc6d4b" outcome="Passed" testListId="8c84fa94-04c1-424b-9868-57a2d4851a1d" relativeResultsDirectory="60ab080c-da14-4ef2-bbeb-a1bf7dc39ce0" />
    <UnitTestResult executionId="16dbda5c-725a-4fca-8977-4a3e6ee72d99" testId="a69e9c0a-7c3e-0f61-4e01-28be16c55bfb" testName="TypeWhisper.Linux.Tests.CommandLineParserTests.Help_flag_short_circuits(flag: &quot;--HELP&quot;)" computerName="pop-os" duration="00:00:00.0000020" startTime="2026-06-02T08:21:51.4694283-04:00" endTime="2026-06-02T08:21:51.4694284-04:00" testType="13cdc9d9-ddb5-4fa4-a97d-d965ccfc6d4b" outcome="Passed" testListId="8c84fa94-04c1-424b-9868-57a2d4851a1d" relativeResultsDirectory="16dbda5c-725a-4fca-8977-4a3e6ee72d99" />
    <UnitTestResult executionId="c36e235d-9b6e-4a2a-ab73-c83907b431f0" testId="ad57923d-6563-c919-d95d-54fc80c808e8" testName="TypeWhisper.Linux.Tests.TextInsertionServiceTests.InsertTextAsync_unknown_target_with_non_ascii_text_falls_back_to_clipboard_paste(text: &quot;price €42&quot;)" computerName="pop-os" duration="00:00:00.0000050" startTime="2026-06-02T08:21:51.9734789-04:00" endTime="2026-06-02T08:21:51.9734790-04:00" testType="13cdc9d9-ddb5-4fa4-a97d-d965ccfc6d4b" outcome="Passed" testListId="8c84fa94-04c1-424b-9868-57a2d4851a1d" relativeResultsDirectory="c36e235d-9b6e-4a2a-ab73-c83907b431f0" />
    <UnitTestResult executionId="f6f09339-f4cb-4c7b-add1-ad001cf7385e" testId="2dffad2f-f74b-910f-4bd1-ad328069cb4f" testName="TypeWhisper.Linux.Tests.TextInsertionServiceTests.InsertTextAsync_codex_process_uses_direct_typing" computerName="pop-os" duration="00:00:00.0002146" startTime="2026-06-02T08:21:51.9762291-04:00" endTime="2026-06-02T08:21:51.9762291-04:00" testType="13cdc9d9-ddb5-4fa4-a97d-d965ccfc6d4b" outcome="Passed" testListId="8c84fa94-04c1-424b-9868-57a2d4851a1d" relativeResultsDirectory="f6f09339-f4cb-4c7b-add1-ad001cf7385e" />
    <UnitTestResult executionId="2dea9e19-18e2-40dd-a056-c5d28cc2a143" testId="3b404232-a09d-d271-b711-1f2f37e7e373" testName="TypeWhisper.Linux.Tests.LinuxDictationReadbackLanguagePolicyTests.Resolve_ReturnsNull_WhenPluginRewritesTextAfterTranslation" computerName="pop-os" duration="00:00:00.0000213" startTime="2026-06-02T08:21:51.6020169-04:00" endTime="2026-06-02T08:21:51.6020169-04:00" testType="13cdc9d9-ddb5-4fa4-a97d-d965ccfc6d4b" outcome="Passed" testListId="8c84fa94-04c1-424b-9868-57a2d4851a1d" relativeResultsDirectory="2dea9e19-18e2-40dd-a056-c5d28cc2a143" />
    <UnitTestResult executionId="ba34a342-4c6e-4189-8e70-84952ef20622" testId="b56217f4-5210-0703-a1b8-d1324fc0d409" testName="TypeWhisper.Linux.Tests.LinuxDictationReadbackLanguagePolicyTests.Resolve_IgnoresFailedPromptAction" computerName="pop-os" duration="00:00:00.0000156" startTime="2026-06-02T08:21:51.6022101-04:00" endTime="2026-06-02T08:21:51.6022101-04:00" testType="13cdc9d9-ddb5-4fa4-a97d-d965ccfc6d4b" outcome="Passed" testListId="8c84fa94-04c1-424b-9868-57a2d4851a1d" relativeResultsDirectory="ba34a342-4c6e-4189-8e70-84952ef20622" />
    <UnitTestResult executionId="7694f4c6-e675-43ad-a2c4-ebf9246641aa" testId="c54d2692-5c73-0ee2-5f42-7c5f31063654" testName="TypeWhisper.Linux.Tests.StreamingTranscriptionCoordinatorTests.FinalizeAsync_GraceWindow_WaitsForLateTrailingFinal" computerName="pop-os" duration="00:00:00.3062489" startTime="2026-06-02T08:21:53.6684449-04:00" endTime="2026-06-02T08:21:53.6684449-04:00" testType="13cdc9d9-ddb5-4fa4-a97d-d965ccfc6d4b" outcome="Passed" testListId="8c84fa94-04c1-424b-9868-57a2d4851a1d" relativeResultsDirectory="7694f4c6-e675-43ad-a2c4-ebf9246641aa" />
    <UnitTestResult executionId="183b84bd-3973-4338-99c7-06b45c8653eb" testId="e96779ef-89bc-e574-eaf8-48cfe46af018" testName="TypeWhisper.Linux.Tests.TextInsertionServiceTests.LinuxTextInsertionPlatform_NoBackend_AllInputMethodsReturnFalse" computerName="pop-os" duration="00:00:00.0007709" startTime="2026-06-02T08:21:51.9760329-04:00" endTime="2026-06-02T08:21:51.9760329-04:00" testType="13cdc9d9-ddb5-4fa4-a97d-d965ccfc6d4b" outcome="Passed" testListId="8c84fa94-04c1-424b-9868-57a2d4851a1d" relativeResultsDirectory="183b84bd-3973-4338-99c7-06b45c8653eb" />
    <UnitTestResult executionId="93d7b9ce-0351-4a33-b1e2-ec3efafeeb4a" testId="50f7e6ad-1916-b66a-3a7d-ae9de06986f4" testName="TypeWhisper.Linux.Tests.AppearanceSectionViewModelTests.Refresh_PropagatesIsOverlayPositionCustomized" computerName="pop-os" duration="00:00:00.0049170" startTime="2026-06-02T08:21:51.5203434-04:00" endTime="2026-06-02T08:21:51.5203434-04:00" testType="13cdc9d9-ddb5-4fa4-a97d-d965ccfc6d4b" outcome="Passed" testListId="8c84fa94-04c1-424b-9868-57a2d4851a1d" relativeResultsDirectory="93d7b9ce-0351-4a33-b1e2-ec3efafeeb4a" />
    <UnitTestResult executionId="a555f009-9184-427d-b39e-c6c1160e4896" testId="095d1861-6fa4-7b56-0daa-6eb6133e812e" testName="TypeWhisper.Linux.Tests.SentinelBlockTests.Scan_DuplicateOpenSentinel_ReportsMismatch" computerName="pop-os" duration="00:00:00.0000189" startTime="2026-06-02T08:21:51.7514336-04:00" endTime="2026-06-02T08:21:51.7514337-04:00" testType="13cdc9d9-ddb5-4fa4-a97d-d965ccfc6d4b" outcome="Passed" testListId="8c84fa94-04c1-424b-9868-57a2d4851a1d" relativeResultsDirectory="a555f009-9184-427d-b39e-c6c1160e4896" />
    <UnitTestResult executionId="c093131d-bbb1-4f38-b6d8-0fd25cc1e46a" testId="284551cc-6dd2-32a6-98bd-909b8f6f51be" testName="TypeWhisper.Linux.Tests.HotkeyServiceTests.SetPromptActionHotkeys_DropsEntryThatPrefixesExistingChord" computerName="pop-os" duration="00:00:00.0262768" startTime="2026-06-02T08:22:05.2168114-04:00" endTime="2026-06-02T08:22:05.2168115-04:00" testType="13cdc9d9-ddb5-4fa4-a97d-d965ccfc6d4b" outcome="Passed" testListId="8c84fa94-04c1-424b-9868-57a2d4851a1d" relativeResultsDirectory="c093131d-bbb1-4f38-b6d8-0fd25cc1e46a" />
    <UnitTestResult executionId="24a9b39b-97e4-4dcc-9992-015a57370aaa" testId="5809e1ed-2935-d623-c038-46a1f90a1b99" testName="TypeWhisper.Linux.Tests.ProcessNameNormalizerTests.ReturnsEmptyForBlankInput(input: &quot;   &quot;)" computerName="pop-os" duration="00:00:00.0000289" startTime="2026-06-02T08:21:52.0187769-04:00" endTime="2026-06-02T08:21:52.0187769-04:00" testType="13cdc9d9-ddb5-4fa4-a97d-d965ccfc6d4b" outcome="Passed" testListId="8c84fa94-04c1-424b-9868-57a2d4851a1d" relativeResultsDirectory="24a9b39b-97e4-4dcc-9992-015a57370aaa" />
    <UnitTestResult executionId="b37abc15-da6f-48e7-83d9-eff6c12d41ce" testId="59763c59-aa21-2b18-26fc-1e8c5fbf1a04" testName="TypeWhisper.Linux.Tests.ActiveWindowServiceTests.TryInferBrowserUrlFromTitle_ReturnsGmailForZenMailWindow" computerName="pop-os" duration="00:00:00.0000430" startTime="2026-06-02T08:21:51.7271892-04:00" endTime="2026-06-02T08:21:51.7271892-04:00" testType="13cdc9d9-ddb5-4fa4-a97d-d965ccfc6d4b" outcome="Passed" testListId="8c84fa94-04c1-424b-9868-57a2d4851a1d" relativeResultsDirectory="b37abc15-da6f-48e7-83d9-eff6c12d41ce" />
    <UnitTestResult executionId="c6cfa372-80c3-4173-a310-60e48366e731" testId="74815fcc-5c41-7adc-27b2-9b50dcfc46f8" testName="TypeWhisper.Linux.Tests.SuppressGlxRenderExceptionLogSinkTests.Log_NoPropertyValues_PassesThrough" computerName="pop-os" duration="00:00:00.0000777" startTime="2026-06-02T08:21:51.7334162-04:00" endTime="2026-06-02T08:21:51.7334162-04:00" testType="13cdc9d9-ddb5-4fa4-a97d-d965ccfc6d4b" outcome="Passed" testListId="8c84fa94-04c1-424b-9868-57a2d4851a1d" relativeResultsDirectory="c6cfa372-80c3-4173-a310-60e48366e731" />
    <UnitTestResult executionId="12d4022a-e581-4cca-8b46-470afc7a40c4" testId="8e6d0cf9-c1fd-322a-da81-84566a84dbcd" testName="TypeWhisper.Linux.Tests.HttpApiCorrectionsDtoTests.CorrectionUpsertRequest_Deserializes_SnakeCase" computerName="pop-os" duration="00:00:00.0001143" startTime="2026-06-02T08:21:51.9940222-04:00" endTime="2026-06-02T08:21:51.9940222-04:00" testType="13cdc9d9-ddb5-4fa4-a97d-d965ccfc6d4b" outcome="Passed" testListId="8c84fa94-04c1-424b-9868-57a2d4851a1d" relativeResultsDirectory="12d4022a-e581-4cca-8b46-470afc7a40c4" />
    <UnitTestResult executionId="38622146-5918-4cd4-a85c-7a9ac41e2df7" testId="7625e525-a2bc-6f8e-3c4b-e11f4670e963" testName="TypeWhisper.Linux.Tests.LinuxDictationReadbackLanguagePolicyTests.Resolve_IgnoresFailedPluginPostProcessor" computerName="pop-os" duration="00:00:00.0000379" startTime="2026-06-02T08:21:51.6017989-04:00" endTime="2026-06-02T08:21:51.6017989-04:00" testType="13cdc9d9-ddb5-4fa4-a97d-d965ccfc6d4b" outcome="Passed" testListId="8c84fa94-04c1-424b-9868-57a2d4851a1d" relativeResultsDirectory="38622146-5918-4cd4-a85c-7a9ac41e2df7" />
    <UnitTestResult executionId="7dc2699b-4b8e-46d8-9f0b-8b61f4a731f7" testId="5e4742c0-b7cd-80a5-20c0-d815d8b76306" testName="TypeWhisper.Linux.Tests.LinuxDictationReadbackLanguagePolicyTests.Resolve_ReturnsNull_WhenTranslationFailedAfterPromptAction" computerName="pop-os" duration="00:00:00.0000271" startTime="2026-06-02T08:21:51.6018108-04:00" endTime="2026-06-02T08:21:51.6018108-04:00" testType="13cdc9d9-ddb5-4fa4-a97d-d965ccfc6d4b" outcome="Passed" testListId="8c84fa94-04c1-424b-9868-57a2d4851a1d" relativeResultsDirectory="7dc2699b-4b8e-46d8-9f0b-8b61f4a731f7" />
    <UnitTestResult executionId="f6154e2c-a4e6-4513-902a-41168eacd2fc" testId="ae0579a9-c625-61b0-8028-944ad8aeb870" testName="TypeWhisper.Linux.Tests.LinuxKeyMapTests.ToSharpHook_MapsCommonChordKeys(linuxCode: 57, expected: VcSpace)" computerName="pop-os" duration="00:00:00.0000008" startTime="2026-06-02T08:21:51.7206208-04:00" endTime="2026-06-02T08:21:51.7206209-04:00" testType="13cdc9d9-ddb5-4fa4-a97d-d965ccfc6d4b" outcome="Passed" testListId="8c84fa94-04c1-424b-9868-57a2d4851a1d" relativeResultsDirectory="f6154e2c-a4e6-4513-902a-41168eacd2fc" />
    <UnitTestResult executionId="40bee0bc-62c9-4844-94c1-7d3befb5b626" testId="0fd459f4-da44-8cfc-f835-13ff74ea04ab" testName="TypeWhisper.Linux.Tests.HistorySectionViewModelTests.SaveEdit_CreatesReviewableCorrectionSuggestion" computerName="pop-os" duration="00:00:00.0005305" startTime="2026-06-02T08:21:51.6591391-04:00" endTime="2026-06-02T08:21:51.6591392-04:00" testType="13cdc9d9-ddb5-4fa4-a97d-d965ccfc6d4b" outcome="Passed" testListId="8c84fa94-04c1-424b-9868-57a2d4851a1d" relativeResultsDirectory="40bee0bc-62c9-4844-94c1-7d3befb5b626" />
    <UnitTestResult executionId="342e190e-d173-46ed-8917-3b4da28940c3" testId="ff0925d4-f751-97dd-7007-daf81947bc5d" testName="TypeWhisper.Linux.Tests.HttpApiCorrectionsDtoTests.CorrectionUpsertRequest_MissingFields_ReadsAsNull" computerName="pop-os" duration="00:00:00.0000510" startTime="2026-06-02T08:21:51.9945101-04:00" endTime="2026-06-02T08:21:51.9945102-04:00" testType="13cdc9d9-ddb5-4fa4-a97d-d965ccfc6d4b" outcome="Passed" testListId="8c84fa94-04c1-424b-9868-57a2d4851a1d" relativeResultsDirectory="342e190e-d173-46ed-8917-3b4da28940c3" />
    <UnitTestResult executionId="a53b5b4a-ebab-4a15-96ab-d674de8a4e3c" testId="92ce15f5-fb69-afa9-a357-d08affdd1cd9" testName="TypeWhisper.Linux.Tests.ActiveWindowServiceTests.IsSupportedBrowserIdentity_RecognizesBrowserNames(identity: &quot;code&quot;, expected: False)" computerName="pop-os" duration="00:00:00.0039653" startTime="2026-06-02T08:21:51.7263975-04:00" endTime="2026-06-02T08:21:51.7263976-04:00" testType="13cdc9d9-ddb5-4fa4-a97d-d965ccfc6d4b" outcome="Passed" testListId="8c84fa94-04c1-424b-9868-57a2d4851a1d" relativeResultsDirectory="a53b5b4a-ebab-4a15-96ab-d674de8a4e3c" />
    <UnitTestResult executionId="10844fa9-ae43-4df0-9afe-31171b8f2a21" testId="64f98fb3-9392-ec23-f72e-5f632137a4b1" testName="TypeWhisper.Linux.Tests.ApiKeyProtectionTests.EncryptDecrypt_RoundTrips" computerName="pop-os" duration="00:00:00.0035832" startTime="2026-06-02T08:22:05.2573578-04:00" endTime="2026-06-02T08:22:05.2573578-04:00" testType="13cdc9d9-ddb5-4fa4-a97d-d965ccfc6d4b" outcome="Passed" testListId="8c84fa94-04c1-424b-9868-57a2d4851a1d" relativeResultsDirectory="10844fa9-ae43-4df0-9afe-31171b8f2a21" />
    <UnitTestResult executionId="5d58c1ea-0253-4f42-99f1-b2d22de1ce77" testId="607ea0a2-7b9a-7500-6b26-a97b1e378902" testName="TypeWhisper.Linux.Tests.KeyboardDeviceDiscoveryTests.LooksLikeKeyboard_false_for_a_power_button" computerName="pop-os" duration="00:00:00.0000382" startTime="2026-06-02T08:21:51.9216931-04:00" endTime="2026-06-02T08:21:51.9216931-04:00" testType="13cdc9d9-ddb5-4fa4-a97d-d965ccfc6d4b" outcome="Passed" testListId="8c84fa94-04c1-424b-9868-57a2d4851a1d" relativeResultsDirectory="5d58c1ea-0253-4f42-99f1-b2d22de1ce77" />
    <UnitTestResult executionId="27fb9448-9cae-46dc-9795-401ab1edc642" testId="2f53325e-7705-2e5c-4985-49cd80135ba1" testName="TypeWhisper.Linux.Tests.TextInsertionServiceTests.InsertTextAsync_missing_clipboard_tool_returns_specific_result" computerName="pop-os" duration="00:00:00.0002770" startTime="2026-06-02T08:21:51.9687621-04:00" endTime="2026-06-02T08:21:51.9687621-04:00" testType="13cdc9d9-ddb5-4fa4-a97d-d965ccfc6d4b" outcome="Passed" testListId="8c84fa94-04c1-424b-9868-57a2d4851a1d" relativeResultsDirectory="27fb9448-9cae-46dc-9795-401ab1edc642" />
    <UnitTestResult executionId="9bf577c5-6b3e-4607-a264-345239aa6702" testId="6c240172-1d2c-8b7e-b71f-a70921981b3b" testName="TypeWhisper.Linux.Tests.CommandLineParserTests.Empty_args_is_bare_toggle" computerName="pop-os" duration="00:00:00.0000989" startTime="2026-06-02T08:21:51.4820559-04:00" endTime="2026-06-02T08:21:51.4820559-04:00" testType="13cdc9d9-ddb5-4fa4-a97d-d965ccfc6d4b" outcome="Passed" testListId="8c84fa94-04c1-424b-9868-57a2d4851a1d" relativeResultsDirectory="9bf577c5-6b3e-4607-a264-345239aa6702" />
    <UnitTestResult executionId="7baa0f11-9330-4114-8bda-9964569abb51" testId="5567f55c-1b1b-bead-efae-2a4d5e66acae" testName="TypeWhisper.Linux.Tests.HotkeyServiceTests.SetPromptActionHotkeys_KeepsFirstDuplicateAndDropsSecond" computerName="pop-os" duration="00:00:00.0263006" startTime="2026-06-02T08:22:05.0129744-04:00" endTime="2026-06-02T08:22:05.0129745-04:00" testType="13cdc9d9-ddb5-4fa4-a97d-d965ccfc6d4b" outcome="Passed" testListId="8c84fa94-04c1-424b-9868-57a2d4851a1d" relativeResultsDirectory="7baa0f11-9330-4114-8bda-9964569abb51" />
    <UnitTestResult executionId="41993ea3-c021-4ac7-9be9-602c81914e20" testId="4a5376c9-5261-e006-5a69-5679720d4964" testName="TypeWhisper.Linux.Tests.SnippetsSectionViewModelTests.PreviewText_UsesSnippetPlaceholderExpansion" computerName="pop-os" duration="00:00:00.0013741" startTime="2026-06-02T08:21:51.7373339-04:00" endTime="2026-06-02T08:21:51.7373339-04:00" testType="13cdc9d9-ddb5-4fa4-a97d-d965ccfc6d4b" outcome="Passed" testListId="8c84fa94-04c1-424b-9868-57a2d4851a1d" relativeResultsDirectory="41993ea3-c021-4ac7-9be9-602c81914e20" />
    <UnitTestResult executionId="a743457f-7011-49e5-93da-9dceabe75df4" testId="740d5c8f-1d8d-d87a-31ca-f96a11170cc4" testName="TypeWhisper.Linux.Tests.HttpApiLocalFileDtoTests.Deserializes_PathOnly" computerName="pop-os" duration="00:00:00.0042662" startTime="2026-06-02T08:21:51.5864008-04:00" endTime="2026-06-02T08:21:51.5864008-04:00" testType="13cdc9d9-ddb5-4fa4-a97d-d965ccfc6d4b" outcome="Passed" testListId="8c84fa94-04c1-424b-9868-57a2d4851a1d" relativeResultsDirectory="a743457f-7011-49e5-93da-9dceabe75df4" />
    <UnitTestResult executionId="6131ca9f-9c70-4cd9-9ccc-d3333d6611dd" testId="a2c85600-3d65-b3eb-08c0-6aa11eaf7452" testName="TypeWhisper.Linux.Tests.ShortcutDispatcherTests.PromptActionPress_FiresPromptActionRequestedWithId" computerName="pop-os" duration="00:00:00.0006556" startTime="2026-06-02T08:22:05.2472082-04:00" endTime="2026-06-02T08:22:05.2472082-04:00" testType="13cdc9d9-ddb5-4fa4-a97d-d965ccfc6d4b" outcome="Passed" testListId="8c84fa94-04c1-424b-9868-57a2d4851a1d" relativeResultsDirectory="6131ca9f-9c70-4cd9-9ccc-d3333d6611dd" />
    <UnitTestResult executionId="c660351b-067a-4645-8731-877823cc0c19" testId="7270fdf6-c8c2-9ac9-e3eb-306336d9c8b1" testName="TypeWhisper.Linux.Tests.SentinelBlockTests.ReplaceOrAppend_AppendToFileEndingWithNewline_PreservesTrailingNewline" computerName="pop-os" duration="00:00:00.0000773" startTime="2026-06-02T08:21:51.7514567-04:00" endTime="2026-06-02T08:21:51.7514567-04:00" testType="13cdc9d9-ddb5-4fa4-a97d-d965ccfc6d4b" outcome="Passed" testListId="8c84fa94-04c1-424b-9868-57a2d4851a1d" relativeResultsDirectory="c660351b-067a-4645-8731-877823cc0c19" />
    <UnitTestResult executionId="e4723f38-e8ff-4400-8712-58270da3f187" testId="f6fa21b5-0c21-0452-7e15-68ff75001c0b" testName="TypeWhisper.Linux.Tests.LinuxDictationReadbackLanguagePolicyTests.Resolve_IgnoresTranslationTarget_WhenTargetEqualsSourceLanguage" computerName="pop-os" duration="00:00:00.0001673" startTime="2026-06-02T08:21:51.6014411-04:00" endTime="2026-06-02T08:21:51.6014411-04:00" testType="13cdc9d9-ddb5-4fa4-a97d-d965ccfc6d4b" outcome="Passed" testListId="8c84fa94-04c1-424b-9868-57a2d4851a1d" relativeResultsDirectory="e4723f38-e8ff-4400-8712-58270da3f187" />
    <UnitTestResult executionId="5df5c0e4-cd67-47c4-a569-118698cccdaa" testId="24d1717d-b9cb-f8a7-324f-b94b2cb0e32d" testName="TypeWhisper.Linux.Tests.PluginRegistryServiceTests.FirstRunAutoInstallAsync_SkipsWhenAlreadyCompleted" computerName="pop-os" duration="00:00:00.0007907" startTime="2026-06-02T08:21:51.9612459-04:00" endTime="2026-06-02T08:21:51.9612460-04:00" testType="13cdc9d9-ddb5-4fa4-a97d-d965ccfc6d4b" outcome="Passed" testListId="8c84fa94-04c1-424b-9868-57a2d4851a1d" relativeResultsDirectory="5df5c0e4-cd67-47c4-a569-118698cccdaa" />
    <UnitTestResult executionId="3a2fad25-9ccb-4fa1-8b07-f498f7b67edf" testId="345d667a-9c90-1b8e-6452-358feb4cfe37" testName="TypeWhisper.Linux.Tests.PluginCollectionSettingsViewModelTests.SaveSettings_ForwardsEditedItemsToProvider" computerName="pop-os" duration="00:00:00.0063274" startTime="2026-06-02T08:21:51.7138427-04:00" endTime="2026-06-02T08:21:51.7138427-04:00" testType="13cdc9d9-ddb5-4fa4-a97d-d965ccfc6d4b" outcome="Passed" testListId="8c84fa94-04c1-424b-9868-57a2d4851a1d" relativeResultsDirectory="3a2fad25-9ccb-4fa1-8b07-f498f7b67edf" />
    <UnitTestResult executionId="c20b6fa2-1a5a-4c73-a308-e8be8ad49a54" testId="5cfd4bf9-26fe-bd55-f511-4fa231306305" testName="TypeWhisper.Linux.Tests.CommandLineParserTests.Record_verbs_parse(verb: &quot;start&quot;)" computerName="pop-os" duration="00:00:00.0001045" startTime="2026-06-02T08:21:51.4694537-04:00" endTime="2026-06-02T08:21:51.4694537-04:00" testType="13cdc9d9-ddb5-4fa4-a97d-d965ccfc6d4b" outcome="Passed" testListId="8c84fa94-04c1-424b-9868-57a2d4851a1d" relativeResultsDirectory="c20b6fa2-1a5a-4c73-a308-e8be8ad49a54" />
    <UnitTestResult executionId="046f1c62-4e5e-4908-8274-62c44ccf9b06" testId="7c96733d-7056-70e9-7583-316b841752cb" testName="TypeWhisper.Linux.Tests.ActiveWindowServiceTests.IsSupportedBrowserIdentity_RecognizesBrowserNames(identity: &quot;org.mozilla.firefox&quot;, expected: True)" computerName="pop-os" duration="00:00:00.0000017" startTime="2026-06-02T08:21:51.7269444-04:00" endTime="2026-06-02T08:21:51.7269445-04:00" testType="13cdc9d9-ddb5-4fa4-a97d-d965ccfc6d4b" outcome="Passed" testListId="8c84fa94-04c1-424b-9868-57a2d4851a1d" relativeResultsDirectory="046f1c62-4e5e-4908-8274-62c44ccf9b06" />
    <UnitTestResult executionId="f96fbe21-cb72-49a8-b1f9-c0f858bf5316" testId="a95a3cee-a6ed-4f93-11cc-28450d9baf25" testName="TypeWhisper.Linux.Tests.ProcessNameNormalizerTests.LeavesShortNamesUntouched(input: &quot;ghostty&quot;, expected: &quot;ghostty&quot;)" computerName="pop-os" duration="00:00:00.0000231" startTime="2026-06-02T08:21:52.0188766-04:00" endTime="2026-06-02T08:21:52.0188767-04:00" testType="13cdc9d9-ddb5-4fa4-a97d-d965ccfc6d4b" outcome="Passed" testListId="8c84fa94-04c1-424b-9868-57a2d4851a1d" relativeResultsDirectory="f96fbe21-cb72-49a8-b1f9-c0f858bf5316" />
    <UnitTestResult executionId="6037d7df-86c2-4809-9142-efc800f5a715" testId="05d90c90-e044-6697-cf57-b383a379b1fb" testName="TypeWhisper.Linux.Tests.KeyboardDeviceDiscoveryTests.LooksLikeKeyboard_false_for_an_empty_bitmap" computerName="pop-os" duration="00:00:00.0000178" startTime="2026-06-02T08:21:51.9217397-04:00" endTime="2026-06-02T08:21:51.9217397-04:00" testType="13cdc9d9-ddb5-4fa4-a97d-d965ccfc6d4b" outcome="Passed" testListId="8c84fa94-04c1-424b-9868-57a2d4851a1d" relativeResultsDirectory="6037d7df-86c2-4809-9142-efc800f5a715" />
    <UnitTestResult executionId="bd3cc1f3-9302-41ad-a86e-90ad2dad0d77" testId="3cc2b9fb-4772-3e85-2205-2d88bb3de335" testName="TypeWhisper.Linux.Tests.LlmCleanupServiceTests.CleanAsync_Medium_FallsBackToLightWhenFailureStatusCallbackFails" computerName="pop-os" duration="00:00:00.0004301" startTime="2026-06-02T08:21:51.6738514-04:00" endTime="2026-06-02T08:21:51.6738515-04:00" testType="13cdc9d9-ddb5-4fa4-a97d-d965ccfc6d4b" outcome="Passed" testListId="8c84fa94-04c1-424b-9868-57a2d4851a1d" relativeResultsDirectory="bd3cc1f3-9302-41ad-a86e-90ad2dad0d77" />
    <UnitTestResult executionId="40cd3010-837f-4151-b386-733edd860683" testId="2a1e9707-26ac-5c91-1455-8ca3e7cd885a" testName="TypeWhisper.Linux.Tests.LinuxLiveTranscriptionStartupPolicyTests.Select_CloudPluginWithOptIn_ReturnsPolling" computerName="pop-os" duration="00:00:00.0000234" startTime="2026-06-02T08:21:51.5935739-04:00" endTime="2026-06-02T08:21:51.5935739-04:00" testType="13cdc9d9-ddb5-4fa4-a97d-d965ccfc6d4b" outcome="Passed" testListId="8c84fa94-04c1-424b-9868-57a2d4851a1d" relativeResultsDirectory="40cd3010-837f-4151-b386-733edd860683" />
    <UnitTestResult executionId="6190f6ee-2e8f-4221-9375-551b01f9d979" testId="254fa3ae-d914-9bdc-f4c6-5d755582ecac" testName="TypeWhisper.Linux.Tests.HotkeyServiceTests.TrySetHotkeyFromString_SideSpecificModifierAndChordUsingDifferentModifier_AreAllowed" computerName="pop-os" duration="00:00:00.0463750" startTime="2026-06-02T08:22:05.1893018-04:00" endTime="2026-06-02T08:22:05.1893020-04:00" testType="13cdc9d9-ddb5-4fa4-a97d-d965ccfc6d4b" outcome="Passed" testListId="8c84fa94-04c1-424b-9868-57a2d4851a1d" relativeResultsDirectory="6190f6ee-2e8f-4221-9375-551b01f9d979" />
    <UnitTestResult executionId="48ee8645-2ea3-401b-bef2-5fc3cc640e7e" testId="39c555f1-e637-cf19-b0a7-e70127de8db3" testName="TypeWhisper.Linux.Tests.PromptProcessingServiceTests.ProcessStreamingAsync_ThrowsWhenNoProviderAvailable" computerName="pop-os" duration="00:00:00.0015266" startTime="2026-06-02T08:22:04.2787382-04:00" endTime="2026-06-02T08:22:04.2787383-04:00" testType="13cdc9d9-ddb5-4fa4-a97d-d965ccfc6d4b" outcome="Passed" testListId="8c84fa94-04c1-424b-9868-57a2d4851a1d" relativeResultsDirectory="48ee8645-2ea3-401b-bef2-5fc3cc640e7e" />
    <UnitTestResult executionId="aa5e2375-0408-4954-a788-6edb741b388b" testId="dccf1e43-8174-7e6e-c385-03f315ba359d" testName="TypeWhisper.Linux.Tests.ShortcutsSectionViewModelTests.ApplyTransformSelectionHotkey_BlankInputClearsBinding" computerName="pop-os" duration="00:00:00.0003332" startTime="2026-06-02T08:21:52.0275800-04:00" endTime="2026-06-02T08:21:52.0275800-04:00" testType="13cdc9d9-ddb5-4fa4-a97d-d965ccfc6d4b" outcome="Passed" testListId="8c84fa94-04c1-424b-9868-57a2d4851a1d" relativeResultsDirectory="aa5e2375-0408-4954-a788-6edb741b388b" />
    <UnitTestResult executionId="94d4f855-af89-4cd4-9738-9867ecdcda92" testId="64cca6ea-9b76-2162-9b63-36ca9844c3c5" testName="TypeWhisper.Linux.Tests.PluginCollectionSettingsViewModelTests.FieldRow_AutoKind_Secret_ResolvesToSecret" computerName="pop-os" duration="00:00:00.0001310" startTime="2026-06-02T08:21:51.7176019-04:00" endTime="2026-06-02T08:21:51.7176019-04:00" testType="13cdc9d9-ddb5-4fa4-a97d-d965ccfc6d4b" outcome="Passed" testListId="8c84fa94-04c1-424b-9868-57a2d4851a1d" relativeResultsDirectory="94d4f855-af89-4cd4-9738-9867ecdcda92" />
    <UnitTestResult executionId="e103531d-d6c8-43bc-b854-23b4666407f3" testId="ab4bc473-089b-5843-2a95-479e725f4db8" testName="TypeWhisper.Linux.Tests.HotkeyServiceTests.TrySetHotkeyFromString_SideSpecificSingleModifier_ParsesAndPushesEmptyMask(input: &quot;Right Ctrl&quot;, expectedKey: VcRightControl)" computerName="pop-os" duration="00:00:00.0207257" startTime="2026-06-02T08:22:04.5286533-04:00" endTime="2026-06-02T08:22:04.5286533-04:00" testType="13cdc9d9-ddb5-4fa4-a97d-d965ccfc6d4b" outcome="Passed" testListId="8c84fa94-04c1-424b-9868-57a2d4851a1d" relativeResultsDirectory="e103531d-d6c8-43bc-b854-23b4666407f3" />
    <UnitTestResult executionId="af66a8e6-0ade-4670-bcb8-74039d515b7c" testId="26f59be4-e58c-c2c7-1595-6b2d6c52bda5" testName="TypeWhisper.Linux.Tests.HistorySectionViewModelTests.SaveEdit_AutoLearnsCorrectionsWhenEnabled" computerName="pop-os" duration="00:00:00.0139498" startTime="2026-06-02T08:21:51.6540261-04:00" endTime="2026-06-02T08:21:51.6540262-04:00" testType="13cdc9d9-ddb5-4fa4-a97d-d965ccfc6d4b" outcome="Passed" testListId="8c84fa94-04c1-424b-9868-57a2d4851a1d" relativeResultsDirectory="af66a8e6-0ade-4670-bcb8-74039d515b7c" />
    <UnitTestResult executionId="84a6ac89-d189-477d-90ff-513a5d7946ea" testId="21935c33-a7b0-7bff-d089-1802e5dab060" testName="TypeWhisper.Linux.Tests.PromptsSectionViewModelTests.SaveAction_PersistsHotkeyAndManualOnlyForExistingAction" computerName="pop-os" duration="00:00:00.0011179" startTime="2026-06-02T08:21:51.9349421-04:00" endTime="2026-06-02T08:21:51.9349421-04:00" testType="13cdc9d9-ddb5-4fa4-a97d-d965ccfc6d4b" outcome="Passed" testListId="8c84fa94-04c1-424b-9868-57a2d4851a1d" relativeResultsDirectory="84a6ac89-d189-477d-90ff-513a5d7946ea" />
    <UnitTestResult executionId="2e71b24b-683b-4679-9558-758258625f96" testId="72b29857-67c2-b4bf-b3a8-102106a79f0c" testName="TypeWhisper.Linux.Tests.TextInsertionServiceTests.InsertTextAsync_successful_retry_restores_previous_clipboard" computerName="pop-os" duration="00:00:00.0006392" startTime="2026-06-02T08:21:51.9806183-04:00" endTime="2026-06-02T08:21:51.9806185-04:00" testType="13cdc9d9-ddb5-4fa4-a97d-d965ccfc6d4b" outcome="Passed" testListId="8c84fa94-04c1-424b-9868-57a2d4851a1d" relativeResultsDirectory="2e71b24b-683b-4679-9558-758258625f96" />
    <UnitTestResult executionId="087f9880-a717-4d85-a264-4ec31e3ffebf" testId="d1917a28-725d-b50f-6fb3-031bdf7233eb" testName="TypeWhisper.Linux.Tests.YdotoolSetupHelperTests.ResolveBinaryPath_finds_binary_on_PATH" computerName="pop-os" duration="00:00:00.0003169" startTime="2026-06-02T08:22:04.2733351-04:00" endTime="2026-06-02T08:22:04.2733352-04:00" testType="13cdc9d9-ddb5-4fa4-a97d-d965ccfc6d4b" outcome="Passed" testListId="8c84fa94-04c1-424b-9868-57a2d4851a1d" relativeResultsDirectory="087f9880-a717-4d85-a264-4ec31e3ffebf" />
    <UnitTestResult executionId="2900a368-99df-4df2-8e94-ae6310ef8790" testId="2d22b79f-8e0e-2229-5a5d-a00f8e18bd86" testName="TypeWhisper.Linux.Tests.ActiveWindowServiceTests.IsSupportedBrowserIdentity_RecognizesBrowserNames(identity: &quot;zen&quot;, expected: True)" computerName="pop-os" duration="00:00:00.0000008" startTime="2026-06-02T08:21:51.7269170-04:00" endTime="2026-06-02T08:21:51.7269170-04:00" testType="13cdc9d9-ddb5-4fa4-a97d-d965ccfc6d4b" outcome="Passed" testListId="8c84fa94-04c1-424b-9868-57a2d4851a1d" relativeResultsDirectory="2900a368-99df-4df2-8e94-ae6310ef8790" />
    <UnitTestResult executionId="d0fc3369-fb3f-4747-a081-5369b5675a99" testId="538f7121-9b82-b456-a4fd-7ced7a6fc7a9" testName="TypeWhisper.Linux.Tests.SentinelBlockTests.Remove_ExistingBlock_RemovesIt" computerName="pop-os" duration="00:00:00.0000734" startTime="2026-06-02T08:21:51.7508908-04:00" endTime="2026-06-02T08:21:51.7508908-04:00" testType="13cdc9d9-ddb5-4fa4-a97d-d965ccfc6d4b" outcome="Passed" testListId="8c84fa94-04c1-424b-9868-57a2d4851a1d" relativeResultsDirectory="d0fc3369-fb3f-4747-a081-5369b5675a99" />
    <UnitTestResult executionId="415e7a58-71ab-432f-8a75-43d32da4d62c" testId="543522be-7e8f-62ec-75bb-3bb7752b6262" testName="TypeWhisper.Linux.Tests.WatchFolderExportBuilderTests.Build_creates_markdown_with_metadata" computerName="pop-os" duration="00:00:00.0001011" startTime="2026-06-02T08:22:05.2462272-04:00" endTime="2026-06-02T08:22:05.2462272-04:00" testType="13cdc9d9-ddb5-4fa4-a97d-d965ccfc6d4b" outcome="Passed" testListId="8c84fa94-04c1-424b-9868-57a2d4851a1d" relativeResultsDirectory="415e7a58-71ab-432f-8a75-43d32da4d62c" />
    <UnitTestResult executionId="c0b0c1db-a4f8-491e-adcb-42e27afafd1a" testId="90f58f6f-d2d9-d31c-0a48-a2633f29ad7c" testName="TypeWhisper.Linux.Tests.ActiveWindowServiceTests.IsSupportedBrowserProcess_RecognizesZenBrowserProcesses(processName: &quot;zen&quot;)" computerName="pop-os" duration="00:00:00.0000835" startTime="2026-06-02T08:21:51.7269989-04:00" endTime="2026-06-02T08:21:51.7269990-04:00" testType="13cdc9d9-ddb5-4fa4-a97d-d965ccfc6d4b" outcome="Passed" testListId="8c84fa94-04c1-424b-9868-57a2d4851a1d" relativeResultsDirectory="c0b0c1db-a4f8-491e-adcb-42e27afafd1a" />
    <UnitTestResult executionId="2307ed04-ff51-40a0-ab98-4725c60a8c3f" testId="089c3577-9ce2-a72e-9841-29e3037fa463" testName="TypeWhisper.Linux.Tests.BrowserAccessibilityExecPatchTests.FirefoxWrapper_LeavesAlreadyPatchedLinesUntouched" computerName="pop-os" duration="00:00:00.0000431" startTime="2026-06-02T08:21:51.5919129-04:00" endTime="2026-06-02T08:21:51.5919129-04:00" testType="13cdc9d9-ddb5-4fa4-a97d-d965ccfc6d4b" outcome="Passed" testListId="8c84fa94-04c1-424b-9868-57a2d4851a1d" relativeResultsDirectory="2307ed04-ff51-40a0-ab98-4725c60a8c3f" />
    <UnitTestResult executionId="25e4fa74-c6e6-4bc7-90b5-a55720dab674" testId="2f921516-56a7-7a11-b26b-d0e49e332273" testName="TypeWhisper.Linux.Tests.HotkeyServiceTests.TrySetHotkeyFromString_SideSpecificSingleModifier_ParsesAndPushesEmptyMask(input: &quot;Right Alt&quot;, expectedKey: VcRightAlt)" computerName="pop-os" duration="00:00:00.0214236" startTime="2026-06-02T08:22:04.4862775-04:00" endTime="2026-06-02T08:22:04.4862775-04:00" testType="13cdc9d9-ddb5-4fa4-a97d-d965ccfc6d4b" outcome="Passed" testListId="8c84fa94-04c1-424b-9868-57a2d4851a1d" relativeResultsDirectory="25e4fa74-c6e6-4bc7-90b5-a55720dab674" />
    <UnitTestResult executionId="a02c786f-caca-4604-a60a-072ee3d2f08a" testId="dc5ae4b9-5e6f-d27a-da81-dd842ef39143" testName="TypeWhisper.Linux.Tests.LinuxStreamingTranscriptStateTests.StabilizeText_DoesNotAppendShortUnrelatedTextViaEmptyOverlap" computerName="pop-os" duration="00:00:00.0000187" startTime="2026-06-02T08:21:51.9939851-04:00" endTime="2026-06-02T08:21:51.9939851-04:00" testType="13cdc9d9-ddb5-4fa4-a97d-d965ccfc6d4b" outcome="Passed" testListId="8c84fa94-04c1-424b-9868-57a2d4851a1d" relativeResultsDirectory="a02c786f-caca-4604-a60a-072ee3d2f08a" />
    <UnitTestResult executionId="8a88ea64-22d0-4eb9-a037-4e0f86f111be" testId="49847f92-f820-1174-7d8c-7f2f2c64e497" testName="TypeWhisper.Linux.Tests.LinuxKeyMapTests.ToSharpHook_MapsCommonChordKeys(linuxCode: 88, expected: VcF12)" computerName="pop-os" duration="00:00:00.0000007" startTime="2026-06-02T08:21:51.7207026-04:00" endTime="2026-06-02T08:21:51.7207026-04:00" testType="13cdc9d9-ddb5-4fa4-a97d-d965ccfc6d4b" outcome="Passed" testListId="8c84fa94-04c1-424b-9868-57a2d4851a1d" relativeResultsDirectory="8a88ea64-22d0-4eb9-a037-4e0f86f111be" />
    <UnitTestResult executionId="ad828738-70ff-4d81-9ed8-32b5b778f985" testId="54da7abf-9cfc-b333-cdc9-e991621b08e1" testName="TypeWhisper.Linux.Tests.TextInsertionServiceTests.LinuxTextInsertionPlatform_YdotoolFailure_ReasonNotOverwrittenByWtype" computerName="pop-os" duration="00:00:00.0014200" startTime="2026-06-02T08:21:51.9849698-04:00" endTime="2026-06-02T08:21:51.9849698-04:00" testType="13cdc9d9-ddb5-4fa4-a97d-d965ccfc6d4b" outcome="Passed" testListId="8c84fa94-04c1-424b-9868-57a2d4851a1d" relativeResultsDirectory="ad828738-70ff-4d81-9ed8-32b5b778f985" />
    <UnitTestResult executionId="7c884ddc-d8b7-43c3-8432-08815a5faaa4" testId="140c6ffd-9e17-8dea-f384-229e579620b0" testName="TypeWhisper.Linux.Tests.SettingsBackupServiceTests.RestoreBackup_skips_models_from_older_backup_archives" computerName="pop-os" duration="00:00:00.0006258" startTime="2026-06-02T08:22:05.2449511-04:00" endTime="2026-06-02T08:22:05.2449511-04:00" testType="13cdc9d9-ddb5-4fa4-a97d-d965ccfc6d4b" outcome="Passed" testListId="8c84fa94-04c1-424b-9868-57a2d4851a1d" relativeResultsDirectory="7c884ddc-d8b7-43c3-8432-08815a5faaa4" />
    <UnitTestResult executionId="5a889ddc-d1a5-4c7b-9a41-d398c357f6fd" testId="79b85ff9-8ea2-c632-4d9f-49de6bdc72f5" testName="TypeWhisper.Linux.Tests.ShortcutsSectionViewModelTests.ApplyTransformSelectionHotkey_RejectsCollisionWithPromptPalette" computerName="pop-os" duration="00:00:00.0002771" startTime="2026-06-02T08:21:52.0286689-04:00" endTime="2026-06-02T08:21:52.0286693-04:00" testType="13cdc9d9-ddb5-4fa4-a97d-d965ccfc6d4b" outcome="Passed" testListId="8c84fa94-04c1-424b-9868-57a2d4851a1d" relativeResultsDirectory="5a889ddc-d1a5-4c7b-9a41-d398c357f6fd" />
    <UnitTestResult executionId="aa2af577-85d5-45cb-8c46-027106629eef" testId="5dd881f4-feef-e721-1ca9-487f9589ce51" testName="TypeWhisper.Linux.Tests.ActiveWindowServiceTests.SanitizeCapturedBrowserUrl_NormalizesLikelyUrls(value: &quot;https://example.com/path&quot;, expected: &quot;https://example.com/path&quot;)" computerName="pop-os" duration="00:00:00.0000156" startTime="2026-06-02T08:21:51.7273307-04:00" endTime="2026-06-02T08:21:51.7273307-04:00" testType="13cdc9d9-ddb5-4fa4-a97d-d965ccfc6d4b" outcome="Passed" testListId="8c84fa94-04c1-424b-9868-57a2d4851a1d" relativeResultsDirectory="aa2af577-85d5-45cb-8c46-027106629eef" />
    <UnitTestResult executionId="bb3295a1-b1f7-4599-aff7-cb22d39123a6" testId="2ffd5f6c-6a8b-5f50-445d-873b571e7059" testName="TypeWhisper.Linux.Tests.ShortcutDispatcherTests.Escape_FiresCancelOnlyWhenEnabled" computerName="pop-os" duration="00:00:00.0002272" startTime="2026-06-02T08:22:05.2478987-04:00" endTime="2026-06-02T08:22:05.2478987-04:00" testType="13cdc9d9-ddb5-4fa4-a97d-d965ccfc6d4b" outcome="Passed" testListId="8c84fa94-04c1-424b-9868-57a2d4851a1d" relativeResultsDirectory="bb3295a1-b1f7-4599-aff7-cb22d39123a6" />
    <UnitTestResult executionId="2a524897-9605-4468-938d-60dca0723d76" testId="1169be48-1f31-63ef-4e48-bbd3b51cd19d" testName="TypeWhisper.Linux.Tests.LlmStreamPumpTests.RunAsync_ConcatenatesAllDeltas_ReturnsFullText" computerName="pop-os" duration="00:00:00.0012521" startTime="2026-06-02T08:21:51.6926621-04:00" endTime="2026-06-02T08:21:51.6926622-04:00" testType="13cdc9d9-ddb5-4fa4-a97d-d965ccfc6d4b" outcome="Passed" testListId="8c84fa94-04c1-424b-9868-57a2d4851a1d" relativeResultsDirectory="2a524897-9605-4468-938d-60dca0723d76" />
    <UnitTestResult executionId="40d59df4-7d0d-43b0-bcbe-b41d747a9170" testId="e9def14b-d0c9-1b3c-15f6-0ea279042ae5" testName="TypeWhisper.Linux.Tests.GnomeShortcutWriterTests.FormatGnomeAccel_ProducesGtkAcceleratorFormat" computerName="pop-os" duration="00:00:00.0002514" startTime="2026-06-02T08:21:52.0296049-04:00" endTime="2026-06-02T08:21:52.0296050-04:00" testType="13cdc9d9-ddb5-4fa4-a97d-d965ccfc6d4b" outcome="Passed" testListId="8c84fa94-04c1-424b-9868-57a2d4851a1d" relativeResultsDirectory="40d59df4-7d0d-43b0-bcbe-b41d747a9170" />
    <UnitTestResult executionId="ae08d92a-faeb-4195-9d02-3a11b87e0e96" testId="e74e7e96-e20f-6389-0d27-79926088a93f" testName="TypeWhisper.Linux.Tests.LlmCleanupServiceTests.CleanAsync_Light_UsesDeterministicCleanup" computerName="pop-os" duration="00:00:00.0003351" startTime="2026-06-02T08:21:51.6733795-04:00" endTime="2026-06-02T08:21:51.6733796-04:00" testType="13cdc9d9-ddb5-4fa4-a97d-d965ccfc6d4b" outcome="Passed" testListId="8c84fa94-04c1-424b-9868-57a2d4851a1d" relativeResultsDirectory="ae08d92a-faeb-4195-9d02-3a11b87e0e96" />
    <UnitTestResult executionId="47ceb32e-5feb-4074-8119-e04156498263" testId="535716ec-554b-c262-a764-c010f7e700f6" testName="TypeWhisper.Linux.Tests.ShortcutsSectionViewModelTests.ApplyPromptPaletteHotkey_BlankInputClearsBinding" computerName="pop-os" duration="00:00:00.0022562" startTime="2026-06-02T08:21:52.0265733-04:00" endTime="2026-06-02T08:21:52.0265734-04:00" testType="13cdc9d9-ddb5-4fa4-a97d-d965ccfc6d4b" outcome="Passed" testListId="8c84fa94-04c1-424b-9868-57a2d4851a1d" relativeResultsDirectory="47ceb32e-5feb-4074-8119-e04156498263" />
    <UnitTestResult executionId="5faaa932-03de-4046-8a37-277f111d98a9" testId="172a5412-d75f-d7c6-f5a2-e0d757e3e9a6" testName="TypeWhisper.Linux.Tests.PluginCollectionSettingsViewModelTests.FieldRow_AutoKind_WithOptions_ResolvesToDropdown" computerName="pop-os" duration="00:00:00.0002224" startTime="2026-06-02T08:21:51.7188875-04:00" endTime="2026-06-02T08:21:51.7188876-04:00" testType="13cdc9d9-ddb5-4fa4-a97d-d965ccfc6d4b" outcome="Passed" testListId="8c84fa94-04c1-424b-9868-57a2d4851a1d" relativeResultsDirectory="5faaa932-03de-4046-8a37-277f111d98a9" />
    <UnitTestResult executionId="07a0e930-bea1-48bc-90bb-cf517bcdc382" testId="82789c48-1a82-3491-0dc8-787ed0311dd6" testName="TypeWhisper.Linux.Tests.SnippetsSectionViewModelTests.SaveSnippet_WhenEditing_PreservesUsageMetadata" computerName="pop-os" duration="00:00:00.0023934" startTime="2026-06-02T08:21:51.7492300-04:00" endTime="2026-06-02T08:21:51.7492300-04:00" testType="13cdc9d9-ddb5-4fa4-a97d-d965ccfc6d4b" outcome="Passed" testListId="8c84fa94-04c1-424b-9868-57a2d4851a1d" relativeResultsDirectory="07a0e930-bea1-48bc-90bb-cf517bcdc382" />
    <UnitTestResult executionId="33bec8da-c08a-40f0-a2d4-2f37b94f309c" testId="711b7d83-24ca-b7ce-b519-9c6a610f0641" testName="TypeWhisper.Linux.Tests.SnippetsSectionViewModelTests.ConflictWarning_ShowsDictionaryCorrectionMatch" computerName="pop-os" duration="00:00:00.0002511" startTime="2026-06-02T08:21:51.7495003-04:00" endTime="2026-06-02T08:21:51.7495003-04:00" testType="13cdc9d9-ddb5-4fa4-a97d-d965ccfc6d4b" outcome="Passed" testListId="8c84fa94-04c1-424b-9868-57a2d4851a1d" relativeResultsDirectory="33bec8da-c08a-40f0-a2d4-2f37b94f309c" />
    <UnitTestResult executionId="afe3f044-9941-4661-805d-e9b7d5400bc4" testId="1b070175-a05f-1b68-8a6f-f558f761ee3c" testName="TypeWhisper.Linux.Tests.HotkeyServiceTests.TrySetHotkeyFromString_SideSpecificSingleModifier_ParsesAndPushesEmptyMask(input: &quot;right alt&quot;, expectedKey: VcRightAlt)" computerName="pop-os" duration="00:00:00.0210924" startTime="2026-06-02T08:22:04.4012246-04:00" endTime="2026-06-02T08:22:04.4012246-04:00" testType="13cdc9d9-ddb5-4fa4-a97d-d965ccfc6d4b" outcome="Passed" testListId="8c84fa94-04c1-424b-9868-57a2d4851a1d" relativeResultsDirectory="afe3f044-9941-4661-805d-e9b7d5400bc4" />
    <UnitTestResult executionId="84d11020-5dec-4bc5-a926-409da4172fd1" testId="2ffc8a24-0547-bc20-a1a8-b46864086f15" testName="TypeWhisper.Linux.Tests.ProcessNameNormalizerTests.LeavesShortNamesUntouched(input: &quot;libreoffice&quot;, expected: &quot;libreoffice&quot;)" computerName="pop-os" duration="00:00:00.0000570" startTime="2026-06-02T08:21:52.0189445-04:00" endTime="2026-06-02T08:21:52.0189445-04:00" testType="13cdc9d9-ddb5-4fa4-a97d-d965ccfc6d4b" outcome="Passed" testListId="8c84fa94-04c1-424b-9868-57a2d4851a1d" relativeResultsDirectory="84d11020-5dec-4bc5-a926-409da4172fd1" />
    <UnitTestResult executionId="e412667c-2339-4dda-a0cd-23888c521b26" testId="ba0cec88-2c98-41f3-d6c7-135ac901ec6c" testName="TypeWhisper.Linux.Tests.SentinelBlockTests.Scan_FileWithoutSentinels_ReportsNoBlock" computerName="pop-os" duration="00:00:00.0000599" startTime="2026-06-02T08:21:51.7508013-04:00" endTime="2026-06-02T08:21:51.7508013-04:00" testType="13cdc9d9-ddb5-4fa4-a97d-d965ccfc6d4b" outcome="Passed" testListId="8c84fa94-04c1-424b-9868-57a2d4851a1d" relativeResultsDirectory="e412667c-2339-4dda-a0cd-23888c521b26" />
    <UnitTestResult executionId="dfbb7b97-da07-4213-9114-80db703e29f2" testId="98a47117-66d0-b5ae-f037-dbdba4e2230d" testName="TypeWhisper.Linux.Tests.SessionAudioFileServiceTests.DeleteSessionCaptures_RemovesOnlyDictationWavs" computerName="pop-os" duration="00:00:00.0003818" startTime="2026-06-02T08:21:51.6596324-04:00" endTime="2026-06-02T08:21:51.6596324-04:00" testType="13cdc9d9-ddb5-4fa4-a97d-d965ccfc6d4b" outcome="Passed" testListId="8c84fa94-04c1-424b-9868-57a2d4851a1d" relativeResultsDirectory="dfbb7b97-da07-4213-9114-80db703e29f2" />
    <UnitTestResult executionId="f90267d6-db4e-4739-bc66-190af00f1407" testId="616f1642-af49-00d8-e38f-91c8e17dd3a2" testName="TypeWhisper.Linux.Tests.SettingsBackupServiceTests.RestoreBackup_overwrites_settings_and_user_data" computerName="pop-os" duration="00:00:00.0123284" startTime="2026-06-02T08:22:05.2425756-04:00" endTime="2026-06-02T08:22:05.2425756-04:00" testType="13cdc9d9-ddb5-4fa4-a97d-d965ccfc6d4b" outcome="Passed" testListId="8c84fa94-04c1-424b-9868-57a2d4851a1d" relativeResultsDirectory="f90267d6-db4e-4739-bc66-190af00f1407" />
    <UnitTestResult executionId="4123435f-91af-4ac7-96fa-87382d66fe1d" testId="ab5d4dc8-4d26-911f-5385-eb6458618a8b" testName="TypeWhisper.Linux.Tests.StreamingTranscriptionCoordinatorTests.Dispose_WhileConnectPending_DisposesLateArrivingSession" computerName="pop-os" duration="00:00:00.0070820" startTime="2026-06-02T08:21:52.7127847-04:00" endTime="2026-06-02T08:21:52.7127850-04:00" testType="13cdc9d9-ddb5-4fa4-a97d-d965ccfc6d4b" outcome="Passed" testListId="8c84fa94-04c1-424b-9868-57a2d4851a1d" relativeResultsDirectory="4123435f-91af-4ac7-96fa-87382d66fe1d" />
    <UnitTestResult executionId="c965b22b-432f-4ef9-80cc-ae587ca542e3" testId="55cf3fd5-b2bb-0c0d-d55c-a6e0b66b4994" testName="TypeWhisper.Linux.Tests.HttpApiAccelerationDtoTests.BuildAccelerationDto_RequiresRestart_PropagatesFlag" computerName="pop-os" duration="00:00:00.0010532" startTime="2026-06-02T08:21:51.9956365-04:00" endTime="2026-06-02T08:21:51.9956365-04:00" testType="13cdc9d9-ddb5-4fa4-a97d-d965ccfc6d4b" outcome="Passed" testListId="8c84fa94-04c1-424b-9868-57a2d4851a1d" relativeResultsDirectory="c965b22b-432f-4ef9-80cc-ae587ca542e3" />
    <UnitTestResult executionId="0341c21a-c8bc-4b0e-9c8a-4e09b1fb308d" testId="6fbd9e95-f11d-aa60-a8b8-280a74086dfd" testName="TypeWhisper.Linux.Tests.HotkeyServiceTests.TrySetHotkeyFromString_SideSpecificSingleModifier_ParsesAndPushesEmptyMask(input: &quot;Right Control&quot;, expectedKey: VcRightControl)" computerName="pop-os" duration="00:00:00.0212726" startTime="2026-06-02T08:22:04.6571341-04:00" endTime="2026-06-02T08:22:04.6571341-04:00" testType="13cdc9d9-ddb5-4fa4-a97d-d965ccfc6d4b" outcome="Passed" testListId="8c84fa94-04c1-424b-9868-57a2d4851a1d" relativeResultsDirectory="0341c21a-c8bc-4b0e-9c8a-4e09b1fb308d" />
    <UnitTestResult executionId="2fe01037-dad5-404c-9515-e96d75632099" testId="5dabdb0e-846c-a16d-169b-ac7f7616ddf6" testName="TypeWhisper.Linux.Tests.ApiDiscoveryFileTests.Write_SetsUnix0600Mode" computerName="pop-os" duration="00:00:00.0001976" startTime="2026-06-02T08:21:52.0014980-04:00" endTime="2026-06-02T08:21:52.0014981-04:00" testType="13cdc9d9-ddb5-4fa4-a97d-d965ccfc6d4b" outcome="Passed" testListId="8c84fa94-04c1-424b-9868-57a2d4851a1d" relativeResultsDirectory="2fe01037-dad5-404c-9515-e96d75632099" />
    <UnitTestResult executionId="de94bd19-94a1-4c17-8e20-eed96b3587bb" testId="b4734638-891d-9482-d44d-1d6bba33e48d" testName="TypeWhisper.Linux.Tests.LlmStreamPumpTests.RunAsync_SingleEmptyChunk_ReceivedAnyChunkTrue_NoFallbackSignal" computerName="pop-os" duration="00:00:00.0014976" startTime="2026-06-02T08:21:51.6944630-04:00" endTime="2026-06-02T08:21:51.6944631-04:00" testType="13cdc9d9-ddb5-4fa4-a97d-d965ccfc6d4b" outcome="Passed" testListId="8c84fa94-04c1-424b-9868-57a2d4851a1d" relativeResultsDirectory="de94bd19-94a1-4c17-8e20-eed96b3587bb" />
    <UnitTestResult executionId="b88664d6-efbd-4e60-944f-ccb829d7653a" testId="92a77760-61bf-4422-b93d-5172448c7be4" testName="TypeWhisper.Linux.Tests.ActiveWindowServiceTests.IsSupportedBrowserIdentity_RecognizesBrowserNames(identity: &quot;Zen Browser&quot;, expected: True)" computerName="pop-os" duration="00:00:00.0000011" startTime="2026-06-02T08:21:51.7265327-04:00" endTime="2026-06-02T08:21:51.7265328-04:00" testType="13cdc9d9-ddb5-4fa4-a97d-d965ccfc6d4b" outcome="Passed" testListId="8c84fa94-04c1-424b-9868-57a2d4851a1d" relativeResultsDirectory="b88664d6-efbd-4e60-944f-ccb829d7653a" />
    <UnitTestResult executionId="26b10933-d48f-4597-9d31-057bcae27a66" testId="e6805e5c-e77f-294d-e17e-4f3308692820" testName="TypeWhisper.Linux.Tests.DictationSessionResultStoreTests.TryGet_AfterTtl_ReturnsFalse" computerName="pop-os" duration="00:00:00.1512615" startTime="2026-06-02T08:21:51.9071168-04:00" endTime="2026-06-02T08:21:51.9071168-04:00" testType="13cdc9d9-ddb5-4fa4-a97d-d965ccfc6d4b" outcome="Passed" testListId="8c84fa94-04c1-424b-9868-57a2d4851a1d" relativeResultsDirectory="26b10933-d48f-4597-9d31-057bcae27a66" />
    <UnitTestResult executionId="4988d943-cf69-4369-9288-e8c26a654d3d" testId="3d60bd38-baaa-970f-98e2-e9143548f7f7" testName="TypeWhisper.Linux.Tests.HotkeyServiceTests.TrySetHotkeyFromString_SideSpecificSingleModifier_RoundTripsThroughCurrentHotkeyString(input: &quot;Right Alt&quot;)" computerName="pop-os" duration="00:00:00.0001426" startTime="2026-06-02T08:22:04.6572297-04:00" endTime="2026-06-02T08:22:04.6572297-04:00" testType="13cdc9d9-ddb5-4fa4-a97d-d965ccfc6d4b" outcome="Passed" testListId="8c84fa94-04c1-424b-9868-57a2d4851a1d" relativeResultsDirectory="4988d943-cf69-4369-9288-e8c26a654d3d" />
    <UnitTestResult executionId="c94a7770-3dba-4a4a-8814-29769bbf1cd6" testId="4d93e838-266a-92b5-7c63-076c02f6ea19" testName="TypeWhisper.Linux.Tests.TextInsertionServiceTests.InsertTextAsync_codex_window_uses_direct_typing" computerName="pop-os" duration="00:00:00.0002526" startTime="2026-06-02T08:21:51.9737691-04:00" endTime="2026-06-02T08:21:51.9737691-04:00" testType="13cdc9d9-ddb5-4fa4-a97d-d965ccfc6d4b" outcome="Passed" testListId="8c84fa94-04c1-424b-9868-57a2d4851a1d" relativeResultsDirectory="c94a7770-3dba-4a4a-8814-29769bbf1cd6" />
    <UnitTestResult executionId="cfff1208-1835-4f9e-a864-544909cb8899" testId="92605915-c259-9c97-1c7d-52f5d4f793ae" testName="TypeWhisper.Linux.Tests.HttpApiRequestParserTests.ParseTranscribe_ReadsRawBodyHeaders" computerName="pop-os" duration="00:00:00.0002478" startTime="2026-06-02T08:21:51.9150535-04:00" endTime="2026-06-02T08:21:51.9150535-04:00" testType="13cdc9d9-ddb5-4fa4-a97d-d965ccfc6d4b" outcome="Passed" testListId="8c84fa94-04c1-424b-9868-57a2d4851a1d" relativeResultsDirectory="cfff1208-1835-4f9e-a864-544909cb8899" />
    <UnitTestResult executionId="c4e02dad-eb19-431f-a94f-0c9533302c2b" testId="619fb7f9-aa9b-3c2c-386b-e7abb5fbfa30" testName="TypeWhisper.Linux.Tests.CommandLineParserTests.Help_wins_even_when_combined_with_other_flags" computerName="pop-os" duration="00:00:00.0000279" startTime="2026-06-02T08:21:51.4822509-04:00" endTime="2026-06-02T08:21:51.4822510-04:00" testType="13cdc9d9-ddb5-4fa4-a97d-d965ccfc6d4b" outcome="Passed" testListId="8c84fa94-04c1-424b-9868-57a2d4851a1d" relativeResultsDirectory="c4e02dad-eb19-431f-a94f-0c9533302c2b" />
[...]
    <TestEntry testId="53c8ba7c-bd02-e068-f0a2-11376cac4937" executionId="4fa32b62-1156-4511-9097-e287f41a204e" testListId="8c84fa94-04c1-424b-9868-57a2d4851a1d" />
    <TestEntry testId="9754175d-91e5-3c1f-bcaf-8f3a73425552" executionId="1309f06b-faaa-4240-90d9-b4a5191b9ef1" testListId="8c84fa94-04c1-424b-9868-57a2d4851a1d" />
    <TestEntry testId="40be4374-f04a-a1a1-5dfb-f9188b95da11" executionId="03b36e1b-ce35-499e-83ad-4c12944f3169" testListId="8c84fa94-04c1-424b-9868-57a2d4851a1d" />
    <TestEntry testId="55a3f682-b753-c113-1003-16cd85d1a2f0" executionId="2ae86b52-c7d3-4317-b7c3-936395e76572" testListId="8c84fa94-04c1-424b-9868-57a2d4851a1d" />
    <TestEntry testId="a40a2ddd-466f-1020-b8f5-b03af49b300b" executionId="f0d38cea-83b1-478c-949f-4f0b38220359" testListId="8c84fa94-04c1-424b-9868-57a2d4851a1d" />
    <TestEntry testId="f466a7c4-b3ed-557b-a052-4d6d4d7bc1a1" executionId="8ac53184-3b9b-4e39-9f1c-331f2d54d900" testListId="8c84fa94-04c1-424b-9868-57a2d4851a1d" />
    <TestEntry testId="6bce8363-501b-e2ec-4722-0023d16d9bf5" executionId="e37c9f4d-b4d7-4d0b-a1a9-edda17a6e0d8" testListId="8c84fa94-04c1-424b-9868-57a2d4851a1d" />
    <TestEntry testId="d4583c68-1f27-1375-341f-8c90b0e7eacd" executionId="4b95582d-8069-44c8-80b2-c9d807aec3cd" testListId="8c84fa94-04c1-424b-9868-57a2d4851a1d" />
    <TestEntry testId="720acb47-412e-4152-ba98-8d61ba8a3962" executionId="a18a032f-6dc8-4241-8ae3-6c43da60ec9e" testListId="8c84fa94-04c1-424b-9868-57a2d4851a1d" />
    <TestEntry testId="e4403cdb-fdd3-0d21-ed6c-e39f24be303d" executionId="3aaf23dd-a916-4370-b059-aef27ecc5b57" testListId="8c84fa94-04c1-424b-9868-57a2d4851a1d" />
    <TestEntry testId="b5d5458d-a8dc-aa4b-834e-65a7d033d2c3" executionId="8a57b3b7-e576-433b-89e1-8bfad89393f7" testListId="8c84fa94-04c1-424b-9868-57a2d4851a1d" />
    <TestEntry testId="44c85f8c-eca7-2f8f-2a6e-9afb65d4d896" executionId="ce986faa-8a73-4255-80ad-84d6078bd18f" testListId="8c84fa94-04c1-424b-9868-57a2d4851a1d" />
    <TestEntry testId="ff93ae3e-462e-56e6-85ae-1f55c6095b19" executionId="aa32938d-f85c-4afe-aee2-71a92a22661a" testListId="8c84fa94-04c1-424b-9868-57a2d4851a1d" />
    <TestEntry testId="076d68e3-de05-a9ae-e34a-6974c0aadba8" executionId="82d7a3a1-c56a-48ec-b29a-f34ae54b8a02" testListId="8c84fa94-04c1-424b-9868-57a2d4851a1d" />
    <TestEntry testId="fa1ff910-263f-5167-ac97-97cb82c3e715" executionId="f9536781-3780-45ed-b527-9335a9dcea13" testListId="8c84fa94-04c1-424b-9868-57a2d4851a1d" />
    <TestEntry testId="9c9212c4-14d8-80e6-1dda-dc4bb20d9128" executionId="43f0f7b7-6b2f-4c50-9c24-9a072db904e3" testListId="8c84fa94-04c1-424b-9868-57a2d4851a1d" />
    <TestEntry testId="cf645e00-5658-2cb7-377e-1e0530156458" executionId="02a5a659-2e0f-44de-a2f2-744f4eb2c0e3" testListId="8c84fa94-04c1-424b-9868-57a2d4851a1d" />
    <TestEntry testId="ac393348-4c0e-09b1-12d7-a704a3707515" executionId="248a1b48-d0d0-40a0-ba7e-811e7a5deead" testListId="8c84fa94-04c1-424b-9868-57a2d4851a1d" />
    <TestEntry testId="6face844-4a49-9d75-04e2-171f2e91f501" executionId="213ab3c6-99c4-424a-b0b3-7e975f3c2edd" testListId="8c84fa94-04c1-424b-9868-57a2d4851a1d" />
    <TestEntry testId="d553769a-a599-f662-25f8-a75d7349f815" executionId="85ad62f4-4a14-472d-be05-67dff68632f2" testListId="8c84fa94-04c1-424b-9868-57a2d4851a1d" />
    <TestEntry testId="ebf1ffd7-d7da-1285-bef0-453891f3d64f" executionId="3c5317d2-184a-4cdd-8acc-0c3d4d14a9e4" testListId="8c84fa94-04c1-424b-9868-57a2d4851a1d" />
    <TestEntry testId="d8d8e2c1-bb78-446a-dd87-72f3457e9b78" executionId="64536e6b-a6d9-4f2b-b711-b01378844e0f" testListId="8c84fa94-04c1-424b-9868-57a2d4851a1d" />
    <TestEntry testId="39974998-a79d-6440-ecff-711300fabb2d" executionId="3f47e40b-20d3-42d1-b104-0176edaebebf" testListId="8c84fa94-04c1-424b-9868-57a2d4851a1d" />
    <TestEntry testId="ab02c30f-bb7e-4795-f4c9-5a6cb18843ed" executionId="d359467a-660d-4aa2-beb4-485965f3bf7b" testListId="8c84fa94-04c1-424b-9868-57a2d4851a1d" />
    <TestEntry testId="54ee7cde-4ac7-3315-266d-a1a6e09eb938" executionId="66f1a943-d281-49a8-b2f2-a533eacefd32" testListId="8c84fa94-04c1-424b-9868-57a2d4851a1d" />
    <TestEntry testId="5820e2c3-b55b-7f33-9da4-c3a5bc6e7cb6" executionId="30a3f194-3641-464e-80ad-b64ab15c62d0" testListId="8c84fa94-04c1-424b-9868-57a2d4851a1d" />
    <TestEntry testId="0039ce87-b53f-47b2-2bbc-c006906c3e85" executionId="9daa559d-2464-4c2d-bb39-fd62842df5b4" testListId="8c84fa94-04c1-424b-9868-57a2d4851a1d" />
    <TestEntry testId="38fcbaa7-dad0-52a7-fc4b-1ed7be52eb2f" executionId="251fe380-052d-4ca9-94f7-b2c19f3f9558" testListId="8c84fa94-04c1-424b-9868-57a2d4851a1d" />
    <TestEntry testId="70501528-0755-4dda-a0d9-4455d7621cfc" executionId="beebe7fc-5ee2-4f42-8fac-551d399e0a0e" testListId="8c84fa94-04c1-424b-9868-57a2d4851a1d" />
    <TestEntry testId="3f8dfc73-cadc-c715-aa22-e8faf2e8c1d2" executionId="691b4c57-8232-4028-9e70-0767aabab1a0" testListId="8c84fa94-04c1-424b-9868-57a2d4851a1d" />
    <TestEntry testId="94caa69e-987e-f37d-efed-96fe4465f6ee" executionId="f99fa85e-036a-4e5f-bf49-4763034ea8d0" testListId="8c84fa94-04c1-424b-9868-57a2d4851a1d" />
    <TestEntry testId="47417302-f9cf-6fbb-5186-f698f3a41c7a" executionId="f90bddeb-6939-44c3-ac26-d0be8b0190e8" testListId="8c84fa94-04c1-424b-9868-57a2d4851a1d" />
    <TestEntry testId="bd008690-2c48-251f-ed7b-4a44821f4610" executionId="8ca6baad-6df5-4202-8dcd-08083ab197c6" testListId="8c84fa94-04c1-424b-9868-57a2d4851a1d" />
    <TestEntry testId="9c225679-8301-a4de-6d95-6fab9486a903" executionId="3d7891fe-4732-4c1b-b328-9cd6707a1180" testListId="8c84fa94-04c1-424b-9868-57a2d4851a1d" />
    <TestEntry testId="c7110a95-a91f-5aac-7896-116067c22ff7" executionId="efb99ab3-258b-4693-9ec4-21aeedef801e" testListId="8c84fa94-04c1-424b-9868-57a2d4851a1d" />
    <TestEntry testId="1ba79503-f3a0-ac87-1468-e1d9decfc8c1" executionId="8c475947-0462-4507-83d3-60d76cfdb5b2" testListId="8c84fa94-04c1-424b-9868-57a2d4851a1d" />
    <TestEntry testId="828d86c5-ff0f-0bf8-e883-93ef7c08c4d6" executionId="60565673-9991-4374-a782-fc846552d916" testListId="8c84fa94-04c1-424b-9868-57a2d4851a1d" />
    <TestEntry testId="0c29e5c4-2417-4a03-7a71-b9ce10d0e7c6" executionId="39d3c710-a8cd-4d4f-b0cd-6b925c1ad8d0" testListId="8c84fa94-04c1-424b-9868-57a2d4851a1d" />
    <TestEntry testId="a23db54e-24cf-4dbe-90ba-d488de30c023" executionId="cfdc7f8b-e111-4e81-b077-aff9f240dc02" testListId="8c84fa94-04c1-424b-9868-57a2d4851a1d" />
    <TestEntry testId="ca5662b4-03dd-5d34-5ddf-e12975de02c2" executionId="ee870445-545a-43d3-8fa7-0432342f8ceb" testListId="8c84fa94-04c1-424b-9868-57a2d4851a1d" />
    <TestEntry testId="b79bb1d8-47ef-c0b1-4c70-5ac39f0ea4b8" executionId="ebc2d8f8-89f9-439b-b909-2e81236ba0b4" testListId="8c84fa94-04c1-424b-9868-57a2d4851a1d" />
    <TestEntry testId="709806b6-524d-1d37-a54e-f0044362abd5" executionId="eeac3feb-aa8a-4eff-8bd5-c0d6189594cd" testListId="8c84fa94-04c1-424b-9868-57a2d4851a1d" />
    <TestEntry testId="3e88a8af-ee25-7345-b57b-83cef4b590ac" executionId="086680db-464b-4fdf-94bf-8b2fd3e313ac" testListId="8c84fa94-04c1-424b-9868-57a2d4851a1d" />
    <TestEntry testId="439c5f01-037b-663c-7db4-6f30fdb0f398" executionId="e077a5c1-dae5-4a18-b25d-b6999fcd662f" testListId="8c84fa94-04c1-424b-9868-57a2d4851a1d" />
    <TestEntry testId="1686672e-98e8-4a47-6501-c097eafb4650" executionId="126d1e7e-8f12-4bec-b73e-04b2e0b772c0" testListId="8c84fa94-04c1-424b-9868-57a2d4851a1d" />
    <TestEntry testId="438970ef-2787-b851-5b0b-b0f862d54c97" executionId="30408ec1-426b-4613-90fc-515e25208ec6" testListId="8c84fa94-04c1-424b-9868-57a2d4851a1d" />
    <TestEntry testId="98b0beda-d26a-5deb-9d0b-b6695e87bdc8" executionId="232789b1-42aa-4389-a0d2-e4f2952547c9" testListId="8c84fa94-04c1-424b-9868-57a2d4851a1d" />
    <TestEntry testId="58085284-d71c-a021-de4d-17b6fef7678a" executionId="74254720-9938-48ab-9d7c-25625d161d50" testListId="8c84fa94-04c1-424b-9868-57a2d4851a1d" />
    <TestEntry testId="252ea551-180c-317d-b769-6915b2c6550b" executionId="b8f15589-f5e1-42da-9f81-722b03a605b6" testListId="8c84fa94-04c1-424b-9868-57a2d4851a1d" />
    <TestEntry testId="4e760944-6190-e33d-b031-17ed9abd428b" executionId="65f95a51-57f4-4340-8b30-25d014a1d8c2" testListId="8c84fa94-04c1-424b-9868-57a2d4851a1d" />
    <TestEntry testId="bf1ef87c-c0f9-ffc4-55a8-88a9ab638afb" executionId="a385c594-cfd7-49ac-9c4b-754b04af239a" testListId="8c84fa94-04c1-424b-9868-57a2d4851a1d" />
    <TestEntry testId="abe6adae-6d6d-9be2-30ee-09417571e984" executionId="ae146996-6d0e-4cd9-bbe7-c87f5d90d2cd" testListId="8c84fa94-04c1-424b-9868-57a2d4851a1d" />
    <TestEntry testId="06c7b04c-611f-bf49-1967-07f4d6584753" executionId="ef694709-50f6-4631-89e4-0174539e70d5" testListId="8c84fa94-04c1-424b-9868-57a2d4851a1d" />
    <TestEntry testId="18c586b7-b2aa-c0ef-b6cb-b7e58e938d4e" executionId="c90ce896-cdb4-4c15-adac-bb28697b9b56" testListId="8c84fa94-04c1-424b-9868-57a2d4851a1d" />
    <TestEntry testId="528c8213-df69-09f8-9b75-6ee4b7d4b7fe" executionId="921e0ce4-6b7d-4468-92ed-a2251d1f8fbd" testListId="8c84fa94-04c1-424b-9868-57a2d4851a1d" />
    <TestEntry testId="beff3e2a-1444-56e7-6a93-eeb0158114cb" executionId="c8bbd7a2-f07e-4264-a16a-e5d012e7721d" testListId="8c84fa94-04c1-424b-9868-57a2d4851a1d" />
    <TestEntry testId="3a889584-dfad-e3f5-8f66-72bb5a95db87" executionId="15bd305f-de1d-4b0b-b4e6-5ee04f5b96ef" testListId="8c84fa94-04c1-424b-9868-57a2d4851a1d" />
    <TestEntry testId="67fb47ca-c723-dd82-6f1b-d6f5926c2589" executionId="dc60d999-c4ef-47e1-97f1-775d83c1b379" testListId="8c84fa94-04c1-424b-9868-57a2d4851a1d" />
    <TestEntry testId="c3e517cf-ed63-cce6-317a-21844d659144" executionId="944fed7c-0f08-4253-84f6-ada717938555" testListId="8c84fa94-04c1-424b-9868-57a2d4851a1d" />
    <TestEntry testId="22fa35c8-fe1c-ec07-99d0-1ea3d5a9bb5d" executionId="292af15c-d28e-4fc5-b653-6e4a8eecb6db" testListId="8c84fa94-04c1-424b-9868-57a2d4851a1d" />
    <TestEntry testId="55cc257e-ba6f-e63e-23a0-1ba101f0f6bc" executionId="9c48cf7a-f5c5-4165-b2dc-67e7301b43d1" testListId="8c84fa94-04c1-424b-9868-57a2d4851a1d" />
    <TestEntry testId="c7e46584-c95f-9084-541f-d9626d197c89" executionId="a33027a5-c03c-4dc2-bcd1-07a90769013d" testListId="8c84fa94-04c1-424b-9868-57a2d4851a1d" />
    <TestEntry testId="e4b2e543-ef20-c44c-73bd-6f90aecb4ce0" executionId="4dd1426b-cd65-4aac-a2c1-8ea6ac6bddec" testListId="8c84fa94-04c1-424b-9868-57a2d4851a1d" />
    <TestEntry testId="49e3fed4-6c2f-6e92-67c5-50f9383f657d" executionId="78723973-0cdc-48db-bccc-a1c7f0c00e03" testListId="8c84fa94-04c1-424b-9868-57a2d4851a1d" />
    <TestEntry testId="4a534e42-407b-a438-a9dd-48f86894bbc0" executionId="8ac13f24-5f9f-4094-a11e-b4633d76d0f7" testListId="8c84fa94-04c1-424b-9868-57a2d4851a1d" />
    <TestEntry testId="6bf4fc48-8a4f-acba-96b1-a1af9a6e5759" executionId="e91b771b-0d45-47c0-97cb-1e67d8d30dad" testListId="8c84fa94-04c1-424b-9868-57a2d4851a1d" />
    <TestEntry testId="14a7d11b-54ba-ff8b-e143-bf6017a2cc06" executionId="784f2980-065c-4fa1-a17d-fd12bd19163f" testListId="8c84fa94-04c1-424b-9868-57a2d4851a1d" />
    <TestEntry testId="ef46bfa6-66c4-fd58-b005-8c8b22ae5b14" executionId="2aceb0c5-fbe4-4a3e-9ca4-c54217f151d8" testListId="8c84fa94-04c1-424b-9868-57a2d4851a1d" />
    <TestEntry testId="eb058ad4-efe9-e156-4ec4-bb00b7cfae56" executionId="5c1900bf-53ef-4038-bdad-17b2d01603d8" testListId="8c84fa94-04c1-424b-9868-57a2d4851a1d" />
    <TestEntry testId="2328cdd9-87e7-870e-ba08-6a592ce4a8f5" executionId="f543ba61-3a66-43d5-87af-40a07bd7f5e3" testListId="8c84fa94-04c1-424b-9868-57a2d4851a1d" />
    <TestEntry testId="e685f0fe-7b73-5d53-461b-0223521e0ff5" executionId="8ba953bc-00f4-4175-a9cb-3c8be99b064a" testListId="8c84fa94-04c1-424b-9868-57a2d4851a1d" />
    <TestEntry testId="e9f0f6cd-b320-7540-a50a-a3c3b4a0b795" executionId="29ccc34a-07ad-4c78-a059-9f45d967b007" testListId="8c84fa94-04c1-424b-9868-57a2d4851a1d" />
    <TestEntry testId="ca5ad6ae-5b75-2427-bd89-1c31a9a334b8" executionId="5ffa905b-e72f-436f-94af-8dc1dbed19d5" testListId="8c84fa94-04c1-424b-9868-57a2d4851a1d" />
    <TestEntry testId="d3e0eecf-98fa-6ae9-8ddf-48814576d758" executionId="1b62bf04-e6f5-4f1b-9734-8f1f25caa238" testListId="8c84fa94-04c1-424b-9868-57a2d4851a1d" />
    <TestEntry testId="0885335c-36c0-da05-7a7b-4557ed230fae" executionId="5fce73b1-6459-4818-bb90-3ec56b77131a" testListId="8c84fa94-04c1-424b-9868-57a2d4851a1d" />
    <TestEntry testId="86cafb98-8ba8-5506-5ef4-46c27c3f4c5e" executionId="d98a0ede-967d-418a-b857-f07df62f6777" testListId="8c84fa94-04c1-424b-9868-57a2d4851a1d" />
    <TestEntry testId="1363230a-3175-d764-af43-b28181a29fd0" executionId="18c4f56e-3e93-4a69-b8b8-2821b10d035f" testListId="8c84fa94-04c1-424b-9868-57a2d4851a1d" />
    <TestEntry testId="e70a4611-1166-b83b-f38f-4b66cd6d841c" executionId="d1a333c5-0fba-41f8-a0c7-7826a3c8e3f4" testListId="8c84fa94-04c1-424b-9868-57a2d4851a1d" />
    <TestEntry testId="5ca10215-a2a0-e93d-f778-247a9089686b" executionId="6e5c8060-ed2f-4584-893f-6b6499f7ed2c" testListId="8c84fa94-04c1-424b-9868-57a2d4851a1d" />
    <TestEntry testId="fd734943-a39e-bbd0-48fb-f5286d7e42b6" executionId="42cdbe68-88f7-40ba-ad0b-91755be32215" testListId="8c84fa94-04c1-424b-9868-57a2d4851a1d" />
    <TestEntry testId="8c8d087f-20d0-3c45-324f-b78aa0cd1d53" executionId="7e4cba0c-194c-4310-83fe-1021a75fbe97" testListId="8c84fa94-04c1-424b-9868-57a2d4851a1d" />
    <TestEntry testId="ca9d836e-c925-8a34-9df6-8eb949d418d6" executionId="7f81edf6-f924-4fdb-82cd-99561af74bcc" testListId="8c84fa94-04c1-424b-9868-57a2d4851a1d" />
    <TestEntry testId="b52f1c04-77cd-441d-da71-b475ad02c03f" executionId="964b952d-0f08-411a-9d82-6c771858e59c" testListId="8c84fa94-04c1-424b-9868-57a2d4851a1d" />
    <TestEntry testId="41420696-2299-5c60-8e2b-aab88ededc09" executionId="0c750eae-ac37-43f3-acfd-acb5ab30b1e2" testListId="8c84fa94-04c1-424b-9868-57a2d4851a1d" />
    <TestEntry testId="f6263610-4149-0fea-375c-2413b0f88d4f" executionId="37a676be-3ecf-4040-8489-dfad091ba61d" testListId="8c84fa94-04c1-424b-9868-57a2d4851a1d" />
    <TestEntry testId="ae120376-a7f6-574d-28a0-5155bcd8d3a6" executionId="094fa8f7-ecf1-40f7-9d9d-15ce3fe4039c" testListId="8c84fa94-04c1-424b-9868-57a2d4851a1d" />
    <TestEntry testId="08cac8d6-ef6a-e96b-0e91-59453eada1c5" executionId="53799c00-0e72-43b0-8c8e-f278b94e2ddb" testListId="8c84fa94-04c1-424b-9868-57a2d4851a1d" />
    <TestEntry testId="c1ef1751-c825-a10a-bd85-7bc67b2b4a4a" executionId="d97fa49f-3f76-4374-94e9-bc883fb05c88" testListId="8c84fa94-04c1-424b-9868-57a2d4851a1d" />
    <TestEntry testId="9c54a051-2fe5-2141-cf31-692729bd0a9f" executionId="8b716b6c-15f8-4257-b40d-caec5d342992" testListId="8c84fa94-04c1-424b-9868-57a2d4851a1d" />
    <TestEntry testId="ae72e692-6930-2626-78ab-0acc1ba8d7d1" executionId="db1da1b7-169b-449a-890d-a8254ed74018" testListId="8c84fa94-04c1-424b-9868-57a2d4851a1d" />
    <TestEntry testId="c89d1ec8-3264-5486-9df3-cf545d2b908c" executionId="1cdad14c-82b1-4163-94e6-ce3cfdc6286a" testListId="8c84fa94-04c1-424b-9868-57a2d4851a1d" />
    <TestEntry testId="12340846-d093-46d0-0c56-8c7af739d0ca" executionId="10e30cde-a927-4980-add6-359b903b3a0e" testListId="8c84fa94-04c1-424b-9868-57a2d4851a1d" />
    <TestEntry testId="c462f39c-16e9-89a1-6869-9fd7f093bf2d" executionId="47072e0a-5553-424c-a04a-e17a4fd80976" testListId="8c84fa94-04c1-424b-9868-57a2d4851a1d" />
    <TestEntry testId="6aece304-92dc-1e8e-300b-4ffd66b3b50e" executionId="3f52bec1-126f-4ab5-a456-f00c63f7c167" testListId="8c84fa94-04c1-424b-9868-57a2d4851a1d" />
    <TestEntry testId="143a51bd-2bcf-afcc-572b-923123883b3c" executionId="04ab6bc5-d97b-4ee6-b727-0111dc9154c8" testListId="8c84fa94-04c1-424b-9868-57a2d4851a1d" />
    <TestEntry testId="c5d52c9f-ace3-21f7-6a67-5019e2481064" executionId="1f5d6e41-9fa4-4ad0-b95e-9f02f38407ba" testListId="8c84fa94-04c1-424b-9868-57a2d4851a1d" />
    <TestEntry testId="33807817-330a-a258-0e82-022b8ce1abb2" executionId="c3532fc0-e2d4-4f82-b7c2-00ed195aa27b" testListId="8c84fa94-04c1-424b-9868-57a2d4851a1d" />
    <TestEntry testId="bd854cf1-98ac-3dbd-63cf-3e3311ba730f" executionId="05ade167-deb2-4577-a564-3bf5dc9c8c96" testListId="8c84fa94-04c1-424b-9868-57a2d4851a1d" />
    <TestEntry testId="a6be4a34-84ea-cca7-2c19-aa07f92d0177" executionId="864ec021-7938-465f-9adc-ebff7c6becfb" testListId="8c84fa94-04c1-424b-9868-57a2d4851a1d" />
    <TestEntry testId="87954c12-c539-50fb-66bd-0e297af0af5e" executionId="63c075c4-a67f-4634-9b47-46b041b77c16" testListId="8c84fa94-04c1-424b-9868-57a2d4851a1d" />
    <TestEntry testId="73275904-dafe-5d65-4b28-df4b08f24fd1" executionId="ba921d05-9eec-4f24-8737-c48387b99449" testListId="8c84fa94-04c1-424b-9868-57a2d4851a1d" />
    <TestEntry testId="f64458e2-cd4f-3312-5ed5-3cca081828c7" executionId="54fe96ca-7469-49b8-9f08-26c8619c658c" testListId="8c84fa94-04c1-424b-9868-57a2d4851a1d" />
    <TestEntry testId="7ade882f-d184-43f4-166b-4fd959e5f8d2" executionId="bb530638-85b8-4a19-99ee-71f7c2f84751" testListId="8c84fa94-04c1-424b-9868-57a2d4851a1d" />
    <TestEntry testId="3232f2ee-f13f-446a-a096-149c6d5a63b2" executionId="513a1a34-8619-418a-8fc5-f63ac44497e6" testListId="8c84fa94-04c1-424b-9868-57a2d4851a1d" />
    <TestEntry testId="29b8e148-ed6f-b024-a3ae-d8198ca2d7a4" executionId="133d8e4b-240b-4fbc-9d27-02494e946791" testListId="8c84fa94-04c1-424b-9868-57a2d4851a1d" />
    <TestEntry testId="a33ed4cc-39b4-558b-a255-54d38daad6d8" executionId="16a0e92a-a589-40db-af1f-8af5baddf920" testListId="8c84fa94-04c1-424b-9868-57a2d4851a1d" />
    <TestEntry testId="1a71c909-01c2-5775-1c64-15c45132eee9" executionId="db386f60-82dd-4512-944b-19f2784bfbfa" testListId="8c84fa94-04c1-424b-9868-57a2d4851a1d" />
    <TestEntry testId="12b12ad9-e3b7-c48f-134d-53bd053ab8fa" executionId="b0cc0a7e-50fe-4175-823d-257c6d7553e6" testListId="8c84fa94-04c1-424b-9868-57a2d4851a1d" />
    <TestEntry testId="071d112b-8e52-b46d-ff31-257d2c2ff342" executionId="2c59f8d5-bbf1-43f8-b316-dfb94726bfcb" testListId="8c84fa94-04c1-424b-9868-57a2d4851a1d" />
    <TestEntry testId="9be3bc46-7648-cea4-ac85-4cd033fe2d8c" executionId="f644e3b3-a3b1-4d30-8563-d6e2461040f3" testListId="8c84fa94-04c1-424b-9868-57a2d4851a1d" />
    <TestEntry testId="682dbf88-a3bc-db82-0e5c-b363fab180a6" executionId="71b30234-7d78-4f4a-a6e0-e521a7680d81" testListId="8c84fa94-04c1-424b-9868-57a2d4851a1d" />
    <TestEntry testId="22a2bc46-479d-a3e4-71fa-91971fd97518" executionId="c86288f1-82ba-4676-91ad-8ca1553f789a" testListId="8c84fa94-04c1-424b-9868-57a2d4851a1d" />
    <TestEntry testId="ab2c0866-4874-849b-337d-64c7e7309e3a" executionId="b74c1502-b5a5-408c-a912-8a3a8ac5820c" testListId="8c84fa94-04c1-424b-9868-57a2d4851a1d" />
    <TestEntry testId="02d2f1e6-2370-df89-a7cc-d535ca7987a5" executionId="3291b49c-3d33-4e0e-b28e-f24d601cd874" testListId="8c84fa94-04c1-424b-9868-57a2d4851a1d" />
    <TestEntry testId="27827a6d-5549-d962-a598-ffd24877cdc1" executionId="5010a2f4-0cec-47e1-99fa-e60a4b79263c" testListId="8c84fa94-04c1-424b-9868-57a2d4851a1d" />
  </TestEntries>
  <TestLists>
    <TestList name="Results Not in a List" id="8c84fa94-04c1-424b-9868-57a2d4851a1d" />
    <TestList name="All Loaded Results" id="19431567-8539-422a-85d7-44ee4e166bda" />
  </TestLists>
  <ResultSummary outcome="Completed">
    <Counters total="552" executed="552" passed="552" failed="0" error="0" timeout="0" aborted="0" inconclusive="0" passedButRunAborted="0" notRunnable="0" notExecuted="0" disconnected="0" warning="0" completed="0" inProgress="0" pending="0" />
    <Output>
      <StdOut>[xUnit.net 00:00:00.00] xUnit.net VSTest Adapter v2.8.2+699d445a1a (64-bit .NET 10.0.2)
[xUnit.net 00:00:00.04]   Discovering: TypeWhisper.Linux.Tests
[xUnit.net 00:00:00.09]   Discovered:  TypeWhisper.Linux.Tests
[xUnit.net 00:00:00.09]   Starting:    TypeWhisper.Linux.Tests
[xUnit.net 00:00:13.90]   Finished:    TypeWhisper.Linux.Tests
</StdOut>
    </Output>
  </ResultSummary>
</TestRun>